
bb_init()
    conn:
    proto_major = 7
    proto_minor = 31
    async_read = 1
    max_write = 131072
    max_readahead = 131072
    capable = 00000ffb
    want = 00000010
    max_background = 0
    congestion_threshold = 0
    context:
    fuse = 8aa9c780
    uid = 0
    gid = 0
    pid = 0
    private_data = 8aa9b2a0
    logfile = 8aa9c2d0
    rootdir = /home/cpoulianou/fuse-tutorial-2018-02-04/example/rootdir
    umask = 00000

bb_getattr(path="/", statbuf=0x5c5bbc10)
    bb_fullpath:  rootdir = "/home/cpoulianou/fuse-tutorial-2018-02-04/example/rootdir", path = "/", fpath = "/home/cpoulianou/fuse-tutorial-2018-02-04/example/rootdir/"
    lstat returned 0
    si:
    st_dev = 64768
    st_ino = 286856
    st_mode = 040775
    st_nlink = 2
    st_uid = 1000
    st_gid = 1000
    st_rdev = 0
    st_size = 4096
    st_blksize = 4096
    st_blocks = 8
    st_atime = 0x60bced1d
    st_mtime = 0x60bb9421
    st_ctime = 0x60bb9421

bb_getxattr(path = "/", name = "security.selinux", value = 0x4c000c30, size = 255)
    bb_fullpath:  rootdir = "/home/cpoulianou/fuse-tutorial-2018-02-04/example/rootdir", path = "/", fpath = "/home/cpoulianou/fuse-tutorial-2018-02-04/example/rootdir/"
    lgetxattr returned -1
    ERROR lgetxattr: No data available

bb_getxattr(path = "/", name = "system.posix_acl_access", value = 0x00000000, size = 0)
    bb_fullpath:  rootdir = "/home/cpoulianou/fuse-tutorial-2018-02-04/example/rootdir", path = "/", fpath = "/home/cpoulianou/fuse-tutorial-2018-02-04/example/rootdir/"
    lgetxattr returned -1
    ERROR lgetxattr: No data available

bb_getxattr(path = "/", name = "system.posix_acl_default", value = 0x00000000, size = 0)
    bb_fullpath:  rootdir = "/home/cpoulianou/fuse-tutorial-2018-02-04/example/rootdir", path = "/", fpath = "/home/cpoulianou/fuse-tutorial-2018-02-04/example/rootdir/"
    lgetxattr returned -1
    ERROR lgetxattr: No data available

bb_opendir(path="/", fi=0x5c5bbc30)
    bb_fullpath:  rootdir = "/home/cpoulianou/fuse-tutorial-2018-02-04/example/rootdir", path = "/", fpath = "/home/cpoulianou/fuse-tutorial-2018-02-04/example/rootdir/"
    opendir returned 0x0x7fe9540020e0
    fi:
    flags = 0x00018800
    fh_old = 0x00000000
    writepage = 0
    direct_io = 0
    keep_cache = 0
    fh = 0x00007fe9540020e0
    lock_owner = 0x0000000000000000

bb_readdir(path="/", buf=0x54002060, filler=0x5c804bc0, offset=0, fi=0x5bd98c30)
    readdir returned 0x0x7fe954002110
calling filler with name ..
calling filler with name bogus.txt
calling filler with name .
    fi:
    flags = 0x00000000
    fh_old = 0x7fe9540020e0
    writepage = 0
    direct_io = 0
    keep_cache = 0
    fh = 0x00007fe9540020e0
    lock_owner = 0x0000000000000000

bb_getattr(path="/bogus.txt", statbuf=0x5c5bbc40)
    bb_fullpath:  rootdir = "/home/cpoulianou/fuse-tutorial-2018-02-04/example/rootdir", path = "/bogus.txt", fpath = "/home/cpoulianou/fuse-tutorial-2018-02-04/example/rootdir/bogus.txt"
    lstat returned 0
    si:
    st_dev = 64768
    st_ino = 272836
    st_mode = 0100664
    st_nlink = 1
    st_uid = 1000
    st_gid = 1000
    st_rdev = 0
    st_size = 12
    st_blksize = 4096
    st_blocks = 8
    st_atime = 0x60bb8542
    st_mtime = 0x60bb8540
    st_ctime = 0x60bb8540

bb_getxattr(path = "/bogus.txt", name = "security.selinux", value = 0x4c000c30, size = 255)
    bb_fullpath:  rootdir = "/home/cpoulianou/fuse-tutorial-2018-02-04/example/rootdir", path = "/bogus.txt", fpath = "/home/cpoulianou/fuse-tutorial-2018-02-04/example/rootdir/bogus.txt"
    lgetxattr returned -1
    ERROR lgetxattr: No data available

bb_getxattr(path = "/bogus.txt", name = "system.posix_acl_access", value = 0x00000000, size = 0)
    bb_fullpath:  rootdir = "/home/cpoulianou/fuse-tutorial-2018-02-04/example/rootdir", path = "/bogus.txt", fpath = "/home/cpoulianou/fuse-tutorial-2018-02-04/example/rootdir/bogus.txt"
    lgetxattr returned -1
    ERROR lgetxattr: No data available

bb_releasedir(path="/", fi=0x5bd98c40)
    fi:
    flags = 0x00000000
    fh_old = 0x7fe9540020e0
    writepage = 0
    direct_io = 0
    keep_cache = 0
    fh = 0x00007fe9540020e0
    lock_owner = 0x0000000000000000

bb_getattr(path="/", statbuf=0x5c5bbc10)
    bb_fullpath:  rootdir = "/home/cpoulianou/fuse-tutorial-2018-02-04/example/rootdir", path = "/", fpath = "/home/cpoulianou/fuse-tutorial-2018-02-04/example/rootdir/"
    lstat returned 0
    si:
    st_dev = 64768
    st_ino = 286856
    st_mode = 040775
    st_nlink = 2
    st_uid = 1000
    st_gid = 1000
    st_rdev = 0
    st_size = 4096
    st_blksize = 4096
    st_blocks = 8
    st_atime = 0x60bced1d
    st_mtime = 0x60bced44
    st_ctime = 0x60bced44

bb_getattr(path="/", statbuf=0x5bd98c10)
    bb_fullpath:  rootdir = "/home/cpoulianou/fuse-tutorial-2018-02-04/example/rootdir", path = "/", fpath = "/home/cpoulianou/fuse-tutorial-2018-02-04/example/rootdir/"
    lstat returned 0
    si:
    st_dev = 64768
    st_ino = 286856
    st_mode = 040775
    st_nlink = 2
    st_uid = 1000
    st_gid = 1000
    st_rdev = 0
    st_size = 4096
    st_blksize = 4096
    st_blocks = 8
    st_atime = 0x60bced1d
    st_mtime = 0x60bced44
    st_ctime = 0x60bced44

bb_opendir(path="/", fi=0x5c5bbc30)
    bb_fullpath:  rootdir = "/home/cpoulianou/fuse-tutorial-2018-02-04/example/rootdir", path = "/", fpath = "/home/cpoulianou/fuse-tutorial-2018-02-04/example/rootdir/"
    opendir returned 0x0x7fe95400a240
    fi:
    flags = 0x00018800
    fh_old = 0x00000000
    writepage = 0
    direct_io = 0
    keep_cache = 0
    fh = 0x00007fe95400a240
    lock_owner = 0x0000000000000000

bb_readdir(path="/", buf=0x54002200, filler=0x5c804bc0, offset=0, fi=0x5bd98c30)
    readdir returned 0x0x7fe95400a270
calling filler with name ..
calling filler with name bogus.txt
calling filler with name .
    fi:
    flags = 0x00000000
    fh_old = 0x7fe95400a240
    writepage = 0
    direct_io = 0
    keep_cache = 0
    fh = 0x00007fe95400a240
    lock_owner = 0x0000000000000000

bb_releasedir(path="/", fi=0x5bd98c40)
    fi:
    flags = 0x00000000
    fh_old = 0x7fe95400a240
    writepage = 0
    direct_io = 0
    keep_cache = 0
    fh = 0x00007fe95400a240
    lock_owner = 0x0000000000000000

bb_getattr(path="/", statbuf=0x5c5bbc10)
    bb_fullpath:  rootdir = "/home/cpoulianou/fuse-tutorial-2018-02-04/example/rootdir", path = "/", fpath = "/home/cpoulianou/fuse-tutorial-2018-02-04/example/rootdir/"
    lstat returned 0
    si:
    st_dev = 64768
    st_ino = 286856
    st_mode = 040775
    st_nlink = 2
    st_uid = 1000
    st_gid = 1000
    st_rdev = 0
    st_size = 4096
    st_blksize = 4096
    st_blocks = 8
    st_atime = 0x60bced79
    st_mtime = 0x60bced44
    st_ctime = 0x60bced44

bb_getattr(path="/bogus.txt", statbuf=0x5bd98c40)
    bb_fullpath:  rootdir = "/home/cpoulianou/fuse-tutorial-2018-02-04/example/rootdir", path = "/bogus.txt", fpath = "/home/cpoulianou/fuse-tutorial-2018-02-04/example/rootdir/bogus.txt"
    lstat returned 0
    si:
    st_dev = 64768
    st_ino = 272836
    st_mode = 0100664
    st_nlink = 1
    st_uid = 1000
    st_gid = 1000
    st_rdev = 0
    st_size = 17
    st_blksize = 4096
    st_blocks = 8
    st_atime = 0x60bced3d
    st_mtime = 0x60bced43
    st_ctime = 0x60bced43

bb_getattr(path="/bogus.txt", statbuf=0x5c5bbc40)
    bb_fullpath:  rootdir = "/home/cpoulianou/fuse-tutorial-2018-02-04/example/rootdir", path = "/bogus.txt", fpath = "/home/cpoulianou/fuse-tutorial-2018-02-04/example/rootdir/bogus.txt"
    lstat returned 0
    si:
    st_dev = 64768
    st_ino = 272836
    st_mode = 0100664
    st_nlink = 1
    st_uid = 1000
    st_gid = 1000
    st_rdev = 0
    st_size = 17
    st_blksize = 4096
    st_blocks = 8
    st_atime = 0x60bced3d
    st_mtime = 0x60bced43
    st_ctime = 0x60bced43

bb_getattr(path="/", statbuf=0x5bd98c10)
    bb_fullpath:  rootdir = "/home/cpoulianou/fuse-tutorial-2018-02-04/example/rootdir", path = "/", fpath = "/home/cpoulianou/fuse-tutorial-2018-02-04/example/rootdir/"
    lstat returned 0
    si:
    st_dev = 64768
    st_ino = 286856
    st_mode = 040775
    st_nlink = 2
    st_uid = 1000
    st_gid = 1000
    st_rdev = 0
    st_size = 4096
    st_blksize = 4096
    st_blocks = 8
    st_atime = 0x60bced79
    st_mtime = 0x60bced44
    st_ctime = 0x60bced44

bb_access(path="/", mask=01)
    bb_fullpath:  rootdir = "/home/cpoulianou/fuse-tutorial-2018-02-04/example/rootdir", path = "/", fpath = "/home/cpoulianou/fuse-tutorial-2018-02-04/example/rootdir/"

bb_access(path="/", mask=02)
    bb_fullpath:  rootdir = "/home/cpoulianou/fuse-tutorial-2018-02-04/example/rootdir", path = "/", fpath = "/home/cpoulianou/fuse-tutorial-2018-02-04/example/rootdir/"

bb_getattr(path="/.bogus.txt.swp", statbuf=0x5c5bbc40)
    bb_fullpath:  rootdir = "/home/cpoulianou/fuse-tutorial-2018-02-04/example/rootdir", path = "/.bogus.txt.swp", fpath = "/home/cpoulianou/fuse-tutorial-2018-02-04/example/rootdir/.bogus.txt.swp"
    lstat returned -1
    ERROR lstat: No such file or directory
    si:
    st_dev = 0
    st_ino = 0
    st_mode = 00
    st_nlink = 0
    st_uid = 0
    st_gid = 0
    st_rdev = 0
    st_size = 0
    st_blksize = 0
    st_blocks = 0
    st_atime = 0x00000000
    st_mtime = 0x00000000
    st_ctime = 0x00000000

bb_getattr(path="/.bogus.txt.swp", statbuf=0x5bd98c40)
    bb_fullpath:  rootdir = "/home/cpoulianou/fuse-tutorial-2018-02-04/example/rootdir", path = "/.bogus.txt.swp", fpath = "/home/cpoulianou/fuse-tutorial-2018-02-04/example/rootdir/.bogus.txt.swp"
    lstat returned -1
    ERROR lstat: No such file or directory
    si:
    st_dev = 0
    st_ino = 0
    st_mode = 00
    st_nlink = 0
    st_uid = 0
    st_gid = 0
    st_rdev = 0
    st_size = 0
    st_blksize = 0
    st_blocks = 0
    st_atime = 0x00000000
    st_mtime = 0x00000000
    st_ctime = 0x00000000

bb_getattr(path="/.bogus.txt.swp", statbuf=0x5c5bbc40)
    bb_fullpath:  rootdir = "/home/cpoulianou/fuse-tutorial-2018-02-04/example/rootdir", path = "/.bogus.txt.swp", fpath = "/home/cpoulianou/fuse-tutorial-2018-02-04/example/rootdir/.bogus.txt.swp"
    lstat returned -1
    ERROR lstat: No such file or directory
    si:
    st_dev = 0
    st_ino = 0
    st_mode = 00
    st_nlink = 0
    st_uid = 0
    st_gid = 0
    st_rdev = 0
    st_size = 0
    st_blksize = 0
    st_blocks = 0
    st_atime = 0x00000000
    st_mtime = 0x00000000
    st_ctime = 0x00000000

bb_mknod(path="/.bogus.txt.swp", mode=0100664, dev=0)
    bb_fullpath:  rootdir = "/home/cpoulianou/fuse-tutorial-2018-02-04/example/rootdir", path = "/.bogus.txt.swp", fpath = "/home/cpoulianou/fuse-tutorial-2018-02-04/example/rootdir/.bogus.txt.swp"
    open returned 5
    close returned 0

bb_getattr(path="/.bogus.txt.swp", statbuf=0x5c5bbc40)
    bb_fullpath:  rootdir = "/home/cpoulianou/fuse-tutorial-2018-02-04/example/rootdir", path = "/.bogus.txt.swp", fpath = "/home/cpoulianou/fuse-tutorial-2018-02-04/example/rootdir/.bogus.txt.swp"
    lstat returned 0
    si:
    st_dev = 64768
    st_ino = 279823
    st_mode = 0100664
    st_nlink = 1
    st_uid = 1000
    st_gid = 1000
    st_rdev = 0
    st_size = 0
    st_blksize = 4096
    st_blocks = 0
    st_atime = 0x60bced82
    st_mtime = 0x60bced82
    st_ctime = 0x60bced82

bb_open(path"/.bogus.txt.swp", fi=0x5bd98cf0)
    bb_fullpath:  rootdir = "/home/cpoulianou/fuse-tutorial-2018-02-04/example/rootdir", path = "/.bogus.txt.swp", fpath = "/home/cpoulianou/fuse-tutorial-2018-02-04/example/rootdir/.bogus.txt.swp"
    open returned 5
    fi:
    flags = 0x00008401
    fh_old = 0x00000000
    writepage = 0
    direct_io = 0
    keep_cache = 0
    fh = 0x0000000000000005
    lock_owner = 0x0000000000000000

bb_getxattr(path = "/.bogus.txt.swp", name = "security.capability", value = 0x00000000, size = 0)
    bb_fullpath:  rootdir = "/home/cpoulianou/fuse-tutorial-2018-02-04/example/rootdir", path = "/.bogus.txt.swp", fpath = "/home/cpoulianou/fuse-tutorial-2018-02-04/example/rootdir/.bogus.txt.swp"
    lgetxattr returned -1
    ERROR lgetxattr: No data available

bb_write(path="/.bogus.txt.swp", buf=0x5bd9a060, size=1024, offset=0, fi=0x5bd98d50)
    fi:
    flags = 0x00008401
    fh_old = 0x00000005
    writepage = 0
    direct_io = 0
    keep_cache = 0
    fh = 0x0000000000000005
    lock_owner = 0x0000000000000000
    pwrite returned 1024

bb_flush(path="/.bogus.txt.swp", fi=0x5c5bbcf0)
    fi:
    flags = 0x00000000
    fh_old = 0x00000005
    writepage = 0
    direct_io = 0
    keep_cache = 0
    fh = 0x0000000000000005
    lock_owner = 0x89835c0e78510a15

bb_release(path="/.bogus.txt.swp", fi=0x5bd98cf0)
    fi:
    flags = 0x00008401
    fh_old = 0x00000005
    writepage = 0
    direct_io = 0
    keep_cache = 0
    fh = 0x0000000000000005
    lock_owner = 0x0000000000000000
    close returned 0

bb_access(path="/", mask=01)
    bb_fullpath:  rootdir = "/home/cpoulianou/fuse-tutorial-2018-02-04/example/rootdir", path = "/", fpath = "/home/cpoulianou/fuse-tutorial-2018-02-04/example/rootdir/"

bb_open(path"/bogus.txt", fi=0x5bd98cf0)
    bb_fullpath:  rootdir = "/home/cpoulianou/fuse-tutorial-2018-02-04/example/rootdir", path = "/bogus.txt", fpath = "/home/cpoulianou/fuse-tutorial-2018-02-04/example/rootdir/bogus.txt"
    open returned 5
    fi:
    flags = 0x00008000
    fh_old = 0x00000000
    writepage = 0
    direct_io = 0
    keep_cache = 0
    fh = 0x0000000000000005
    lock_owner = 0x0000000000000000

bb_read(path="/bogus.txt", buf=0x540022d0, size=4096, offset=0, fi=0x5c5bbcf0)
    fi:
    flags = 0x00008000
    fh_old = 0x00000005
    writepage = 0
    direct_io = 0
    keep_cache = 0
    fh = 0x0000000000000005
    lock_owner = 0x0000000000000000
    pread returned 17

bb_flush(path="/bogus.txt", fi=0x5bd98cf0)
    fi:
    flags = 0x00000000
    fh_old = 0x00000005
    writepage = 0
    direct_io = 0
    keep_cache = 0
    fh = 0x0000000000000005
    lock_owner = 0x89835c0e78510a15

bb_release(path="/bogus.txt", fi=0x5c5bbcf0)
    fi:
    flags = 0x00008000
    fh_old = 0x00000005
    writepage = 0
    direct_io = 0
    keep_cache = 0
    fh = 0x0000000000000005
    lock_owner = 0x0000000000000000
    close returned 0

bb_access(path="/bogus.txt", mask=02)
    bb_fullpath:  rootdir = "/home/cpoulianou/fuse-tutorial-2018-02-04/example/rootdir", path = "/bogus.txt", fpath = "/home/cpoulianou/fuse-tutorial-2018-02-04/example/rootdir/bogus.txt"

bb_getattr(path="/bogus.txt", statbuf=0x5c5bbc10)
    bb_fullpath:  rootdir = "/home/cpoulianou/fuse-tutorial-2018-02-04/example/rootdir", path = "/bogus.txt", fpath = "/home/cpoulianou/fuse-tutorial-2018-02-04/example/rootdir/bogus.txt"
    lstat returned 0
    si:
    st_dev = 64768
    st_ino = 272836
    st_mode = 0100664
    st_nlink = 1
    st_uid = 1000
    st_gid = 1000
    st_rdev = 0
    st_size = 17
    st_blksize = 4096
    st_blocks = 8
    st_atime = 0x60bced82
    st_mtime = 0x60bced43
    st_ctime = 0x60bced43

bb_access(path="/", mask=01)
    bb_fullpath:  rootdir = "/home/cpoulianou/fuse-tutorial-2018-02-04/example/rootdir", path = "/", fpath = "/home/cpoulianou/fuse-tutorial-2018-02-04/example/rootdir/"

bb_getattr(path="/.bogus.txt.swp", statbuf=0x5c5bbc40)
    bb_fullpath:  rootdir = "/home/cpoulianou/fuse-tutorial-2018-02-04/example/rootdir", path = "/.bogus.txt.swp", fpath = "/home/cpoulianou/fuse-tutorial-2018-02-04/example/rootdir/.bogus.txt.swp"
    lstat returned 0
    si:
    st_dev = 64768
    st_ino = 279823
    st_mode = 0100664
    st_nlink = 1
    st_uid = 1000
    st_gid = 1000
    st_rdev = 0
    st_size = 1024
    st_blksize = 4096
    st_blocks = 8
    st_atime = 0x60bced82
    st_mtime = 0x60bced82
    st_ctime = 0x60bced82
bb_unlink(path="/.bogus.txt.swp")
    bb_fullpath:  rootdir = "/home/cpoulianou/fuse-tutorial-2018-02-04/example/rootdir", path = "/.bogus.txt.swp", fpath = "/home/cpoulianou/fuse-tutorial-2018-02-04/example/rootdir/.bogus.txt.swp"
    unlink returned 0

bb_getattr(path="/bogus.txt", statbuf=0x5bd98c40)
    bb_fullpath:  rootdir = "/home/cpoulianou/fuse-tutorial-2018-02-04/example/rootdir", path = "/bogus.txt", fpath = "/home/cpoulianou/fuse-tutorial-2018-02-04/example/rootdir/bogus.txt"
    lstat returned 0
    si:
    st_dev = 64768
    st_ino = 272836
    st_mode = 0100664
    st_nlink = 1
    st_uid = 1000
    st_gid = 1000
    st_rdev = 0
    st_size = 17
    st_blksize = 4096
    st_blocks = 8
    st_atime = 0x60bced82
    st_mtime = 0x60bced43
    st_ctime = 0x60bced43

bb_getattr(path="/", statbuf=0x5c5bbc10)
    bb_fullpath:  rootdir = "/home/cpoulianou/fuse-tutorial-2018-02-04/example/rootdir", path = "/", fpath = "/home/cpoulianou/fuse-tutorial-2018-02-04/example/rootdir/"
    lstat returned 0
    si:
    st_dev = 64768
    st_ino = 286856
    st_mode = 040775
    st_nlink = 2
    st_uid = 1000
    st_gid = 1000
    st_rdev = 0
    st_size = 4096
    st_blksize = 4096
    st_blocks = 8
    st_atime = 0x60bced79
    st_mtime = 0x60bced85
    st_ctime = 0x60bced85

bb_access(path="/", mask=01)
    bb_fullpath:  rootdir = "/home/cpoulianou/fuse-tutorial-2018-02-04/example/rootdir", path = "/", fpath = "/home/cpoulianou/fuse-tutorial-2018-02-04/example/rootdir/"

bb_access(path="/", mask=02)
    bb_fullpath:  rootdir = "/home/cpoulianou/fuse-tutorial-2018-02-04/example/rootdir", path = "/", fpath = "/home/cpoulianou/fuse-tutorial-2018-02-04/example/rootdir/"

bb_getattr(path="/.bogus.txt.swp", statbuf=0x5bd98c40)
    bb_fullpath:  rootdir = "/home/cpoulianou/fuse-tutorial-2018-02-04/example/rootdir", path = "/.bogus.txt.swp", fpath = "/home/cpoulianou/fuse-tutorial-2018-02-04/example/rootdir/.bogus.txt.swp"
    lstat returned -1
    ERROR lstat: No such file or directory
    si:
    st_dev = 0
    st_ino = 0
    st_mode = 00
    st_nlink = 0
    st_uid = 0
    st_gid = 0
    st_rdev = 0
    st_size = 0
    st_blksize = 0
    st_blocks = 0
    st_atime = 0x00000000
    st_mtime = 0x00000000
    st_ctime = 0x00000000

bb_getattr(path="/.bogus.txt.swp", statbuf=0x5c5bbc40)
    bb_fullpath:  rootdir = "/home/cpoulianou/fuse-tutorial-2018-02-04/example/rootdir", path = "/.bogus.txt.swp", fpath = "/home/cpoulianou/fuse-tutorial-2018-02-04/example/rootdir/.bogus.txt.swp"
    lstat returned -1
    ERROR lstat: No such file or directory
    si:
    st_dev = 0
    st_ino = 0
    st_mode = 00
    st_nlink = 0
    st_uid = 0
    st_gid = 0
    st_rdev = 0
    st_size = 0
    st_blksize = 0
    st_blocks = 0
    st_atime = 0x00000000
    st_mtime = 0x00000000
    st_ctime = 0x00000000

bb_getattr(path="/.bogus.txt.swp", statbuf=0x5bd98c40)
    bb_fullpath:  rootdir = "/home/cpoulianou/fuse-tutorial-2018-02-04/example/rootdir", path = "/.bogus.txt.swp", fpath = "/home/cpoulianou/fuse-tutorial-2018-02-04/example/rootdir/.bogus.txt.swp"
    lstat returned -1
    ERROR lstat: No such file or directory
    si:
    st_dev = 0
    st_ino = 0
    st_mode = 00
    st_nlink = 0
    st_uid = 0
    st_gid = 0
    st_rdev = 0
    st_size = 0
    st_blksize = 0
    st_blocks = 0
    st_atime = 0x00000000
    st_mtime = 0x00000000
    st_ctime = 0x00000000

bb_mknod(path="/.bogus.txt.swp", mode=0100664, dev=0)
    bb_fullpath:  rootdir = "/home/cpoulianou/fuse-tutorial-2018-02-04/example/rootdir", path = "/.bogus.txt.swp", fpath = "/home/cpoulianou/fuse-tutorial-2018-02-04/example/rootdir/.bogus.txt.swp"
    open returned 5
    close returned 0

bb_getattr(path="/.bogus.txt.swp", statbuf=0x5c5bbc40)
    bb_fullpath:  rootdir = "/home/cpoulianou/fuse-tutorial-2018-02-04/example/rootdir", path = "/.bogus.txt.swp", fpath = "/home/cpoulianou/fuse-tutorial-2018-02-04/example/rootdir/.bogus.txt.swp"
    lstat returned 0
    si:
    st_dev = 64768
    st_ino = 279823
    st_mode = 0100664
    st_nlink = 1
    st_uid = 1000
    st_gid = 1000
    st_rdev = 0
    st_size = 0
    st_blksize = 4096
    st_blocks = 0
    st_atime = 0x60bced96
    st_mtime = 0x60bced96
    st_ctime = 0x60bced96

bb_open(path"/.bogus.txt.swp", fi=0x5bd98cf0)
    bb_fullpath:  rootdir = "/home/cpoulianou/fuse-tutorial-2018-02-04/example/rootdir", path = "/.bogus.txt.swp", fpath = "/home/cpoulianou/fuse-tutorial-2018-02-04/example/rootdir/.bogus.txt.swp"
    open returned 5
    fi:
    flags = 0x00008401
    fh_old = 0x00000000
    writepage = 0
    direct_io = 0
    keep_cache = 0
    fh = 0x0000000000000005
    lock_owner = 0x0000000000000000

bb_getxattr(path = "/.bogus.txt.swp", name = "security.capability", value = 0x00000000, size = 0)
    bb_fullpath:  rootdir = "/home/cpoulianou/fuse-tutorial-2018-02-04/example/rootdir", path = "/.bogus.txt.swp", fpath = "/home/cpoulianou/fuse-tutorial-2018-02-04/example/rootdir/.bogus.txt.swp"
    lgetxattr returned -1
    ERROR lgetxattr: No data available

bb_write(path="/.bogus.txt.swp", buf=0x5bd9a060, size=1024, offset=0, fi=0x5bd98d50)
    fi:
    flags = 0x00008401
    fh_old = 0x00000005
    writepage = 0
    direct_io = 0
    keep_cache = 0
    fh = 0x0000000000000005
    lock_owner = 0x0000000000000000
    pwrite returned 1024

bb_flush(path="/.bogus.txt.swp", fi=0x5c5bbcf0)
    fi:
    flags = 0x00000000
    fh_old = 0x00000005
    writepage = 0
    direct_io = 0
    keep_cache = 0
    fh = 0x0000000000000005
    lock_owner = 0x3b59988d1d9706f4

bb_release(path="/.bogus.txt.swp", fi=0x5bd98cf0)
    fi:
    flags = 0x00008401
    fh_old = 0x00000005
    writepage = 0
    direct_io = 0
    keep_cache = 0
    fh = 0x0000000000000005
    lock_owner = 0x0000000000000000
    close returned 0

bb_access(path="/", mask=01)
    bb_fullpath:  rootdir = "/home/cpoulianou/fuse-tutorial-2018-02-04/example/rootdir", path = "/", fpath = "/home/cpoulianou/fuse-tutorial-2018-02-04/example/rootdir/"

bb_open(path"/bogus.txt", fi=0x5bd98cf0)
    bb_fullpath:  rootdir = "/home/cpoulianou/fuse-tutorial-2018-02-04/example/rootdir", path = "/bogus.txt", fpath = "/home/cpoulianou/fuse-tutorial-2018-02-04/example/rootdir/bogus.txt"
    open returned 5
    fi:
    flags = 0x00008000
    fh_old = 0x00000000
    writepage = 0
    direct_io = 0
    keep_cache = 0
    fh = 0x0000000000000005
    lock_owner = 0x0000000000000000

bb_read(path="/bogus.txt", buf=0x540022d0, size=4096, offset=0, fi=0x5c5bbcf0)
    fi:
    flags = 0x00008000
    fh_old = 0x00000005
    writepage = 0
    direct_io = 0
    keep_cache = 0
    fh = 0x0000000000000005
    lock_owner = 0x0000000000000000
    pread returned 17

bb_flush(path="/bogus.txt", fi=0x5bd98cf0)
    fi:
    flags = 0x00000000
    fh_old = 0x00000005
    writepage = 0
    direct_io = 0
    keep_cache = 0
    fh = 0x0000000000000005
    lock_owner = 0x3b59988d1d9706f4

bb_release(path="/bogus.txt", fi=0x5c5bbcf0)
    fi:
    flags = 0x00008000
    fh_old = 0x00000005
    writepage = 0
    direct_io = 0
    keep_cache = 0
    fh = 0x0000000000000005
    lock_owner = 0x0000000000000000
    close returned 0

bb_access(path="/bogus.txt", mask=02)
    bb_fullpath:  rootdir = "/home/cpoulianou/fuse-tutorial-2018-02-04/example/rootdir", path = "/bogus.txt", fpath = "/home/cpoulianou/fuse-tutorial-2018-02-04/example/rootdir/bogus.txt"

bb_getattr(path="/bogus.txt", statbuf=0x5c5bbc10)
    bb_fullpath:  rootdir = "/home/cpoulianou/fuse-tutorial-2018-02-04/example/rootdir", path = "/bogus.txt", fpath = "/home/cpoulianou/fuse-tutorial-2018-02-04/example/rootdir/bogus.txt"
    lstat returned 0
    si:
    st_dev = 64768
    st_ino = 272836
    st_mode = 0100664
    st_nlink = 1
    st_uid = 1000
    st_gid = 1000
    st_rdev = 0
    st_size = 17
    st_blksize = 4096
    st_blocks = 8
    st_atime = 0x60bced82
    st_mtime = 0x60bced43
    st_ctime = 0x60bced43

bb_access(path="/", mask=01)
    bb_fullpath:  rootdir = "/home/cpoulianou/fuse-tutorial-2018-02-04/example/rootdir", path = "/", fpath = "/home/cpoulianou/fuse-tutorial-2018-02-04/example/rootdir/"

bb_getattr(path="/.bogus.txt.swp", statbuf=0x5c5bbc40)
    bb_fullpath:  rootdir = "/home/cpoulianou/fuse-tutorial-2018-02-04/example/rootdir", path = "/.bogus.txt.swp", fpath = "/home/cpoulianou/fuse-tutorial-2018-02-04/example/rootdir/.bogus.txt.swp"
    lstat returned 0
    si:
    st_dev = 64768
    st_ino = 279823
    st_mode = 0100664
    st_nlink = 1
    st_uid = 1000
    st_gid = 1000
    st_rdev = 0
    st_size = 1024
    st_blksize = 4096
    st_blocks = 8
    st_atime = 0x60bced96
    st_mtime = 0x60bced96
    st_ctime = 0x60bced96
bb_unlink(path="/.bogus.txt.swp")
    bb_fullpath:  rootdir = "/home/cpoulianou/fuse-tutorial-2018-02-04/example/rootdir", path = "/.bogus.txt.swp", fpath = "/home/cpoulianou/fuse-tutorial-2018-02-04/example/rootdir/.bogus.txt.swp"
    unlink returned 0

bb_getattr(path="/.bogus.txt.swp", statbuf=0x5bd98c40)
    bb_fullpath:  rootdir = "/home/cpoulianou/fuse-tutorial-2018-02-04/example/rootdir", path = "/.bogus.txt.swp", fpath = "/home/cpoulianou/fuse-tutorial-2018-02-04/example/rootdir/.bogus.txt.swp"
    lstat returned -1
    ERROR lstat: No such file or directory
    si:
    st_dev = 0
    st_ino = 0
    st_mode = 00
    st_nlink = 0
    st_uid = 0
    st_gid = 0
    st_rdev = 0
    st_size = 0
    st_blksize = 0
    st_blocks = 0
    st_atime = 0x00000000
    st_mtime = 0x00000000
    st_ctime = 0x00000000

bb_mknod(path="/.bogus.txt.swp", mode=0100664, dev=0)
    bb_fullpath:  rootdir = "/home/cpoulianou/fuse-tutorial-2018-02-04/example/rootdir", path = "/.bogus.txt.swp", fpath = "/home/cpoulianou/fuse-tutorial-2018-02-04/example/rootdir/.bogus.txt.swp"
    open returned 5
    close returned 0

bb_getattr(path="/.bogus.txt.swp", statbuf=0x5c5bbc40)
    bb_fullpath:  rootdir = "/home/cpoulianou/fuse-tutorial-2018-02-04/example/rootdir", path = "/.bogus.txt.swp", fpath = "/home/cpoulianou/fuse-tutorial-2018-02-04/example/rootdir/.bogus.txt.swp"
    lstat returned 0
    si:
    st_dev = 64768
    st_ino = 279823
    st_mode = 0100664
    st_nlink = 1
    st_uid = 1000
    st_gid = 1000
    st_rdev = 0
    st_size = 0
    st_blksize = 4096
    st_blocks = 0
    st_atime = 0x60bced9a
    st_mtime = 0x60bced9a
    st_ctime = 0x60bced9a

bb_open(path"/.bogus.txt.swp", fi=0x5bd98cf0)
    bb_fullpath:  rootdir = "/home/cpoulianou/fuse-tutorial-2018-02-04/example/rootdir", path = "/.bogus.txt.swp", fpath = "/home/cpoulianou/fuse-tutorial-2018-02-04/example/rootdir/.bogus.txt.swp"
    open returned 5
    fi:
    flags = 0x00008401
    fh_old = 0x00000000
    writepage = 0
    direct_io = 0
    keep_cache = 0
    fh = 0x0000000000000005
    lock_owner = 0x0000000000000000

bb_getxattr(path = "/.bogus.txt.swp", name = "security.capability", value = 0x00000000, size = 0)
    bb_fullpath:  rootdir = "/home/cpoulianou/fuse-tutorial-2018-02-04/example/rootdir", path = "/.bogus.txt.swp", fpath = "/home/cpoulianou/fuse-tutorial-2018-02-04/example/rootdir/.bogus.txt.swp"
    lgetxattr returned -1
    ERROR lgetxattr: No data available

bb_write(path="/.bogus.txt.swp", buf=0x5bd9a060, size=1024, offset=0, fi=0x5bd98d50)
    fi:
    flags = 0x00008401
    fh_old = 0x00000005
    writepage = 0
    direct_io = 0
    keep_cache = 0
    fh = 0x0000000000000005
    lock_owner = 0x0000000000000000
    pwrite returned 1024

bb_flush(path="/.bogus.txt.swp", fi=0x5c5bbcf0)
    fi:
    flags = 0x00000000
    fh_old = 0x00000005
    writepage = 0
    direct_io = 0
    keep_cache = 0
    fh = 0x0000000000000005
    lock_owner = 0x3b59988d1d9706f4

bb_release(path="/.bogus.txt.swp", fi=0x5bd98cf0)
    fi:
    flags = 0x00008401
    fh_old = 0x00000005
    writepage = 0
    direct_io = 0
    keep_cache = 0
    fh = 0x0000000000000005
    lock_owner = 0x0000000000000000
    close returned 0

bb_getattr(path="/bogus.txt", statbuf=0x5c5bbc40)
    bb_fullpath:  rootdir = "/home/cpoulianou/fuse-tutorial-2018-02-04/example/rootdir", path = "/bogus.txt", fpath = "/home/cpoulianou/fuse-tutorial-2018-02-04/example/rootdir/bogus.txt"
    lstat returned 0
    si:
    st_dev = 64768
    st_ino = 272836
    st_mode = 0100664
    st_nlink = 1
    st_uid = 1000
    st_gid = 1000
    st_rdev = 0
    st_size = 17
    st_blksize = 4096
    st_blocks = 8
    st_atime = 0x60bced82
    st_mtime = 0x60bced43
    st_ctime = 0x60bced43

bb_access(path="/", mask=01)
    bb_fullpath:  rootdir = "/home/cpoulianou/fuse-tutorial-2018-02-04/example/rootdir", path = "/", fpath = "/home/cpoulianou/fuse-tutorial-2018-02-04/example/rootdir/"

bb_access(path="/", mask=01)
    bb_fullpath:  rootdir = "/home/cpoulianou/fuse-tutorial-2018-02-04/example/rootdir", path = "/", fpath = "/home/cpoulianou/fuse-tutorial-2018-02-04/example/rootdir/"

bb_open(path"/bogus.txt", fi=0x5bd98cf0)
    bb_fullpath:  rootdir = "/home/cpoulianou/fuse-tutorial-2018-02-04/example/rootdir", path = "/bogus.txt", fpath = "/home/cpoulianou/fuse-tutorial-2018-02-04/example/rootdir/bogus.txt"
    open returned 5
    fi:
    flags = 0x00008001
    fh_old = 0x00000000
    writepage = 0
    direct_io = 0
    keep_cache = 0
    fh = 0x0000000000000005
    lock_owner = 0x0000000000000000

bb_getxattr(path = "/bogus.txt", name = "security.capability", value = 0x00000000, size = 0)
    bb_fullpath:  rootdir = "/home/cpoulianou/fuse-tutorial-2018-02-04/example/rootdir", path = "/bogus.txt", fpath = "/home/cpoulianou/fuse-tutorial-2018-02-04/example/rootdir/bogus.txt"
    lgetxattr returned -1
    ERROR lgetxattr: No data available

bb_truncate(path="/bogus.txt", newsize=0)
    bb_fullpath:  rootdir = "/home/cpoulianou/fuse-tutorial-2018-02-04/example/rootdir", path = "/bogus.txt", fpath = "/home/cpoulianou/fuse-tutorial-2018-02-04/example/rootdir/bogus.txt"
    truncate returned 0

bb_getattr(path="/bogus.txt", statbuf=0x5bd98b70)
    bb_fullpath:  rootdir = "/home/cpoulianou/fuse-tutorial-2018-02-04/example/rootdir", path = "/bogus.txt", fpath = "/home/cpoulianou/fuse-tutorial-2018-02-04/example/rootdir/bogus.txt"
    lstat returned 0
    si:
    st_dev = 64768
    st_ino = 272836
    st_mode = 0100664
    st_nlink = 1
    st_uid = 1000
    st_gid = 1000
    st_rdev = 0
    st_size = 0
    st_blksize = 4096
    st_blocks = 0
    st_atime = 0x60bced82
    st_mtime = 0x60bced9c
    st_ctime = 0x60bced9c

bb_getxattr(path = "/bogus.txt", name = "security.capability", value = 0x00000000, size = 0)
    bb_fullpath:  rootdir = "/home/cpoulianou/fuse-tutorial-2018-02-04/example/rootdir", path = "/bogus.txt", fpath = "/home/cpoulianou/fuse-tutorial-2018-02-04/example/rootdir/bogus.txt"
    lgetxattr returned -1
    ERROR lgetxattr: No data available

bb_write(path="/bogus.txt", buf=0x5bd9a060, size=12, offset=0, fi=0x5bd98d50)
    fi:
    flags = 0x00008001
    fh_old = 0x00000005
    writepage = 0
    direct_io = 0
    keep_cache = 0
    fh = 0x0000000000000005
    lock_owner = 0x0000000000000000
    pwrite returned 12

bb_flush(path="/bogus.txt", fi=0x5c5bbcf0)
    fi:
    flags = 0x00000000
    fh_old = 0x00000005
    writepage = 0
    direct_io = 0
    keep_cache = 0
    fh = 0x0000000000000005
    lock_owner = 0x3b59988d1d9706f4

bb_release(path="/bogus.txt", fi=0x5bd98cf0)
    fi:
    flags = 0x00008001
    fh_old = 0x00000005
    writepage = 0
    direct_io = 0
    keep_cache = 0
    fh = 0x0000000000000005
    lock_owner = 0x0000000000000000
    close returned 0

bb_getattr(path="/bogus.txt", statbuf=0x5c5bbc10)
    bb_fullpath:  rootdir = "/home/cpoulianou/fuse-tutorial-2018-02-04/example/rootdir", path = "/bogus.txt", fpath = "/home/cpoulianou/fuse-tutorial-2018-02-04/example/rootdir/bogus.txt"
    lstat returned 0
    si:
    st_dev = 64768
    st_ino = 272836
    st_mode = 0100664
    st_nlink = 1
    st_uid = 1000
    st_gid = 1000
    st_rdev = 0
    st_size = 12
    st_blksize = 4096
    st_blocks = 8
    st_atime = 0x60bced82
    st_mtime = 0x60bced9c
    st_ctime = 0x60bced9c

bb_getattr(path="/.bogus.txt.swp", statbuf=0x5bd98c40)
    bb_fullpath:  rootdir = "/home/cpoulianou/fuse-tutorial-2018-02-04/example/rootdir", path = "/.bogus.txt.swp", fpath = "/home/cpoulianou/fuse-tutorial-2018-02-04/example/rootdir/.bogus.txt.swp"
    lstat returned 0
    si:
    st_dev = 64768
    st_ino = 279823
    st_mode = 0100664
    st_nlink = 1
    st_uid = 1000
    st_gid = 1000
    st_rdev = 0
    st_size = 1024
    st_blksize = 4096
    st_blocks = 8
    st_atime = 0x60bced9a
    st_mtime = 0x60bced9a
    st_ctime = 0x60bced9a
bb_unlink(path="/.bogus.txt.swp")
    bb_fullpath:  rootdir = "/home/cpoulianou/fuse-tutorial-2018-02-04/example/rootdir", path = "/.bogus.txt.swp", fpath = "/home/cpoulianou/fuse-tutorial-2018-02-04/example/rootdir/.bogus.txt.swp"
    unlink returned 0

bb_getattr(path="/bogus.txt", statbuf=0x5c5bbc40)
    bb_fullpath:  rootdir = "/home/cpoulianou/fuse-tutorial-2018-02-04/example/rootdir", path = "/bogus.txt", fpath = "/home/cpoulianou/fuse-tutorial-2018-02-04/example/rootdir/bogus.txt"
    lstat returned 0
    si:
    st_dev = 64768
    st_ino = 272836
    st_mode = 0100664
    st_nlink = 1
    st_uid = 1000
    st_gid = 1000
    st_rdev = 0
    st_size = 14
    st_blksize = 4096
    st_blocks = 8
    st_atime = 0x60bceda2
    st_mtime = 0x60bcee4b
    st_ctime = 0x60bcee4b

bb_getattr(path="/", statbuf=0x5bd98c10)
    bb_fullpath:  rootdir = "/home/cpoulianou/fuse-tutorial-2018-02-04/example/rootdir", path = "/", fpath = "/home/cpoulianou/fuse-tutorial-2018-02-04/example/rootdir/"
    lstat returned 0
    si:
    st_dev = 64768
    st_ino = 286856
    st_mode = 040775
    st_nlink = 2
    st_uid = 1000
    st_gid = 1000
    st_rdev = 0
    st_size = 4096
    st_blksize = 4096
    st_blocks = 8
    st_atime = 0x60bced79
    st_mtime = 0x60bcee4c
    st_ctime = 0x60bcee4c

bb_access(path="/", mask=01)
    bb_fullpath:  rootdir = "/home/cpoulianou/fuse-tutorial-2018-02-04/example/rootdir", path = "/", fpath = "/home/cpoulianou/fuse-tutorial-2018-02-04/example/rootdir/"

bb_access(path="/", mask=02)
    bb_fullpath:  rootdir = "/home/cpoulianou/fuse-tutorial-2018-02-04/example/rootdir", path = "/", fpath = "/home/cpoulianou/fuse-tutorial-2018-02-04/example/rootdir/"

bb_getattr(path="/.bogus.txt.swp", statbuf=0x5c5bbc40)
    bb_fullpath:  rootdir = "/home/cpoulianou/fuse-tutorial-2018-02-04/example/rootdir", path = "/.bogus.txt.swp", fpath = "/home/cpoulianou/fuse-tutorial-2018-02-04/example/rootdir/.bogus.txt.swp"
    lstat returned -1
    ERROR lstat: No such file or directory
    si:
    st_dev = 0
    st_ino = 0
    st_mode = 00
    st_nlink = 0
    st_uid = 0
    st_gid = 0
    st_rdev = 0
    st_size = 0
    st_blksize = 0
    st_blocks = 0
    st_atime = 0x00000000
    st_mtime = 0x00000000
    st_ctime = 0x00000000

bb_getattr(path="/.bogus.txt.swp", statbuf=0x5bd98c40)
    bb_fullpath:  rootdir = "/home/cpoulianou/fuse-tutorial-2018-02-04/example/rootdir", path = "/.bogus.txt.swp", fpath = "/home/cpoulianou/fuse-tutorial-2018-02-04/example/rootdir/.bogus.txt.swp"
    lstat returned -1
    ERROR lstat: No such file or directory
    si:
    st_dev = 0
    st_ino = 0
    st_mode = 00
    st_nlink = 0
    st_uid = 0
    st_gid = 0
    st_rdev = 0
    st_size = 0
    st_blksize = 0
    st_blocks = 0
    st_atime = 0x00000000
    st_mtime = 0x00000000
    st_ctime = 0x00000000

bb_getattr(path="/.bogus.txt.swp", statbuf=0x5c5bbc40)
    bb_fullpath:  rootdir = "/home/cpoulianou/fuse-tutorial-2018-02-04/example/rootdir", path = "/.bogus.txt.swp", fpath = "/home/cpoulianou/fuse-tutorial-2018-02-04/example/rootdir/.bogus.txt.swp"
    lstat returned -1
    ERROR lstat: No such file or directory
    si:
    st_dev = 0
    st_ino = 0
    st_mode = 00
    st_nlink = 0
    st_uid = 0
    st_gid = 0
    st_rdev = 0
    st_size = 0
    st_blksize = 0
    st_blocks = 0
    st_atime = 0x00000000
    st_mtime = 0x00000000
    st_ctime = 0x00000000

bb_mknod(path="/.bogus.txt.swp", mode=0100664, dev=0)
    bb_fullpath:  rootdir = "/home/cpoulianou/fuse-tutorial-2018-02-04/example/rootdir", path = "/.bogus.txt.swp", fpath = "/home/cpoulianou/fuse-tutorial-2018-02-04/example/rootdir/.bogus.txt.swp"
    open returned 5
    close returned 0

bb_getattr(path="/.bogus.txt.swp", statbuf=0x5bd98c40)
    bb_fullpath:  rootdir = "/home/cpoulianou/fuse-tutorial-2018-02-04/example/rootdir", path = "/.bogus.txt.swp", fpath = "/home/cpoulianou/fuse-tutorial-2018-02-04/example/rootdir/.bogus.txt.swp"
    lstat returned 0
    si:
    st_dev = 64768
    st_ino = 279823
    st_mode = 0100664
    st_nlink = 1
    st_uid = 1000
    st_gid = 1000
    st_rdev = 0
    st_size = 0
    st_blksize = 4096
    st_blocks = 0
    st_atime = 0x60bcee6c
    st_mtime = 0x60bcee6c
    st_ctime = 0x60bcee6c

bb_open(path"/.bogus.txt.swp", fi=0x5c5bbcf0)
    bb_fullpath:  rootdir = "/home/cpoulianou/fuse-tutorial-2018-02-04/example/rootdir", path = "/.bogus.txt.swp", fpath = "/home/cpoulianou/fuse-tutorial-2018-02-04/example/rootdir/.bogus.txt.swp"
    open returned 5
    fi:
    flags = 0x00008401
    fh_old = 0x00000000
    writepage = 0
    direct_io = 0
    keep_cache = 0
    fh = 0x0000000000000005
    lock_owner = 0x0000000000000000

bb_getxattr(path = "/.bogus.txt.swp", name = "security.capability", value = 0x00000000, size = 0)
    bb_fullpath:  rootdir = "/home/cpoulianou/fuse-tutorial-2018-02-04/example/rootdir", path = "/.bogus.txt.swp", fpath = "/home/cpoulianou/fuse-tutorial-2018-02-04/example/rootdir/.bogus.txt.swp"
    lgetxattr returned -1
    ERROR lgetxattr: No data available

bb_write(path="/.bogus.txt.swp", buf=0x5c5bd060, size=1024, offset=0, fi=0x5c5bbd50)
    fi:
    flags = 0x00008401
    fh_old = 0x00000005
    writepage = 0
    direct_io = 0
    keep_cache = 0
    fh = 0x0000000000000005
    lock_owner = 0x0000000000000000
    pwrite returned 1024

bb_flush(path="/.bogus.txt.swp", fi=0x5bd98cf0)
    fi:
    flags = 0x00000000
    fh_old = 0x00000005
    writepage = 0
    direct_io = 0
    keep_cache = 0
    fh = 0x0000000000000005
    lock_owner = 0x2ae6b996a4170cae

bb_release(path="/.bogus.txt.swp", fi=0x5c5bbcf0)
    fi:
    flags = 0x00008401
    fh_old = 0x00000005
    writepage = 0
    direct_io = 0
    keep_cache = 0
    fh = 0x0000000000000005
    lock_owner = 0x0000000000000000
    close returned 0

bb_access(path="/", mask=01)
    bb_fullpath:  rootdir = "/home/cpoulianou/fuse-tutorial-2018-02-04/example/rootdir", path = "/", fpath = "/home/cpoulianou/fuse-tutorial-2018-02-04/example/rootdir/"

bb_open(path"/bogus.txt", fi=0x5c5bbcf0)
    bb_fullpath:  rootdir = "/home/cpoulianou/fuse-tutorial-2018-02-04/example/rootdir", path = "/bogus.txt", fpath = "/home/cpoulianou/fuse-tutorial-2018-02-04/example/rootdir/bogus.txt"
    open returned 5
    fi:
    flags = 0x00008000
    fh_old = 0x00000000
    writepage = 0
    direct_io = 0
    keep_cache = 0
    fh = 0x0000000000000005
    lock_owner = 0x0000000000000000

bb_read(path="/bogus.txt", buf=0x4c0016a0, size=4096, offset=0, fi=0x5bd98cf0)
    fi:
    flags = 0x00008000
    fh_old = 0x00000005
    writepage = 0
    direct_io = 0
    keep_cache = 0
    fh = 0x0000000000000005
    lock_owner = 0x0000000000000000
    pread returned 14

bb_flush(path="/bogus.txt", fi=0x5c5bbcf0)
    fi:
    flags = 0x00000000
    fh_old = 0x00000005
    writepage = 0
    direct_io = 0
    keep_cache = 0
    fh = 0x0000000000000005
    lock_owner = 0x2ae6b996a4170cae

bb_release(path="/bogus.txt", fi=0x5bd98cf0)
    fi:
    flags = 0x00008000
    fh_old = 0x00000005
    writepage = 0
    direct_io = 0
    keep_cache = 0
    fh = 0x0000000000000005
    lock_owner = 0x0000000000000000
    close returned 0

bb_access(path="/bogus.txt", mask=02)
    bb_fullpath:  rootdir = "/home/cpoulianou/fuse-tutorial-2018-02-04/example/rootdir", path = "/bogus.txt", fpath = "/home/cpoulianou/fuse-tutorial-2018-02-04/example/rootdir/bogus.txt"

bb_getattr(path="/bogus.txt", statbuf=0x5bd98c10)
    bb_fullpath:  rootdir = "/home/cpoulianou/fuse-tutorial-2018-02-04/example/rootdir", path = "/bogus.txt", fpath = "/home/cpoulianou/fuse-tutorial-2018-02-04/example/rootdir/bogus.txt"
    lstat returned 0
    si:
    st_dev = 64768
    st_ino = 272836
    st_mode = 0100664
    st_nlink = 1
    st_uid = 1000
    st_gid = 1000
    st_rdev = 0
    st_size = 14
    st_blksize = 4096
    st_blocks = 8
    st_atime = 0x60bcee6c
    st_mtime = 0x60bcee4b
    st_ctime = 0x60bcee4b

bb_access(path="/", mask=01)
    bb_fullpath:  rootdir = "/home/cpoulianou/fuse-tutorial-2018-02-04/example/rootdir", path = "/", fpath = "/home/cpoulianou/fuse-tutorial-2018-02-04/example/rootdir/"

bb_getattr(path="/.bogus.txt.swp", statbuf=0x5bd98c40)
    bb_fullpath:  rootdir = "/home/cpoulianou/fuse-tutorial-2018-02-04/example/rootdir", path = "/.bogus.txt.swp", fpath = "/home/cpoulianou/fuse-tutorial-2018-02-04/example/rootdir/.bogus.txt.swp"
    lstat returned 0
    si:
    st_dev = 64768
    st_ino = 279823
    st_mode = 0100664
    st_nlink = 1
    st_uid = 1000
    st_gid = 1000
    st_rdev = 0
    st_size = 1024
    st_blksize = 4096
    st_blocks = 8
    st_atime = 0x60bcee6c
    st_mtime = 0x60bcee6c
    st_ctime = 0x60bcee6c
bb_unlink(path="/.bogus.txt.swp")
    bb_fullpath:  rootdir = "/home/cpoulianou/fuse-tutorial-2018-02-04/example/rootdir", path = "/.bogus.txt.swp", fpath = "/home/cpoulianou/fuse-tutorial-2018-02-04/example/rootdir/.bogus.txt.swp"
    unlink returned 0

bb_getattr(path="/.bogus.txt.swp", statbuf=0x5bd98c40)
    bb_fullpath:  rootdir = "/home/cpoulianou/fuse-tutorial-2018-02-04/example/rootdir", path = "/.bogus.txt.swp", fpath = "/home/cpoulianou/fuse-tutorial-2018-02-04/example/rootdir/.bogus.txt.swp"
    lstat returned -1
    ERROR lstat: No such file or directory
    si:
    st_dev = 0
    st_ino = 0
    st_mode = 00
    st_nlink = 0
    st_uid = 0
    st_gid = 0
    st_rdev = 0
    st_size = 0
    st_blksize = 0
    st_blocks = 0
    st_atime = 0x00000000
    st_mtime = 0x00000000
    st_ctime = 0x00000000

bb_mknod(path="/.bogus.txt.swp", mode=0100664, dev=0)
    bb_fullpath:  rootdir = "/home/cpoulianou/fuse-tutorial-2018-02-04/example/rootdir", path = "/.bogus.txt.swp", fpath = "/home/cpoulianou/fuse-tutorial-2018-02-04/example/rootdir/.bogus.txt.swp"
    open returned 5
    close returned 0

bb_getattr(path="/.bogus.txt.swp", statbuf=0x5bd98c40)
    bb_fullpath:  rootdir = "/home/cpoulianou/fuse-tutorial-2018-02-04/example/rootdir", path = "/.bogus.txt.swp", fpath = "/home/cpoulianou/fuse-tutorial-2018-02-04/example/rootdir/.bogus.txt.swp"
    lstat returned 0
    si:
    st_dev = 64768
    st_ino = 279823
    st_mode = 0100664
    st_nlink = 1
    st_uid = 1000
    st_gid = 1000
    st_rdev = 0
    st_size = 0
    st_blksize = 4096
    st_blocks = 0
    st_atime = 0x60bcee6e
    st_mtime = 0x60bcee6e
    st_ctime = 0x60bcee6e

bb_open(path"/.bogus.txt.swp", fi=0x5c5bbcf0)
    bb_fullpath:  rootdir = "/home/cpoulianou/fuse-tutorial-2018-02-04/example/rootdir", path = "/.bogus.txt.swp", fpath = "/home/cpoulianou/fuse-tutorial-2018-02-04/example/rootdir/.bogus.txt.swp"
    open returned 5
    fi:
    flags = 0x00008401
    fh_old = 0x00000000
    writepage = 0
    direct_io = 0
    keep_cache = 0
    fh = 0x0000000000000005
    lock_owner = 0x0000000000000000

bb_getxattr(path = "/.bogus.txt.swp", name = "security.capability", value = 0x00000000, size = 0)
    bb_fullpath:  rootdir = "/home/cpoulianou/fuse-tutorial-2018-02-04/example/rootdir", path = "/.bogus.txt.swp", fpath = "/home/cpoulianou/fuse-tutorial-2018-02-04/example/rootdir/.bogus.txt.swp"
    lgetxattr returned -1
    ERROR lgetxattr: No data available

bb_write(path="/.bogus.txt.swp", buf=0x5c5bd060, size=1024, offset=0, fi=0x5c5bbd50)
    fi:
    flags = 0x00008401
    fh_old = 0x00000005
    writepage = 0
    direct_io = 0
    keep_cache = 0
    fh = 0x0000000000000005
    lock_owner = 0x0000000000000000
    pwrite returned 1024

bb_flush(path="/.bogus.txt.swp", fi=0x5bd98cf0)
    fi:
    flags = 0x00000000
    fh_old = 0x00000005
    writepage = 0
    direct_io = 0
    keep_cache = 0
    fh = 0x0000000000000005
    lock_owner = 0x2ae6b996a4170cae

bb_release(path="/.bogus.txt.swp", fi=0x5c5bbcf0)
    fi:
    flags = 0x00008401
    fh_old = 0x00000005
    writepage = 0
    direct_io = 0
    keep_cache = 0
    fh = 0x0000000000000005
    lock_owner = 0x0000000000000000
    close returned 0

bb_getattr(path="/bogus.txt", statbuf=0x5bd98c40)
    bb_fullpath:  rootdir = "/home/cpoulianou/fuse-tutorial-2018-02-04/example/rootdir", path = "/bogus.txt", fpath = "/home/cpoulianou/fuse-tutorial-2018-02-04/example/rootdir/bogus.txt"
    lstat returned 0
    si:
    st_dev = 64768
    st_ino = 272836
    st_mode = 0100664
    st_nlink = 1
    st_uid = 1000
    st_gid = 1000
    st_rdev = 0
    st_size = 14
    st_blksize = 4096
    st_blocks = 8
    st_atime = 0x60bcee6c
    st_mtime = 0x60bcee4b
    st_ctime = 0x60bcee4b

bb_access(path="/", mask=01)
    bb_fullpath:  rootdir = "/home/cpoulianou/fuse-tutorial-2018-02-04/example/rootdir", path = "/", fpath = "/home/cpoulianou/fuse-tutorial-2018-02-04/example/rootdir/"

bb_access(path="/", mask=01)
    bb_fullpath:  rootdir = "/home/cpoulianou/fuse-tutorial-2018-02-04/example/rootdir", path = "/", fpath = "/home/cpoulianou/fuse-tutorial-2018-02-04/example/rootdir/"

bb_open(path"/bogus.txt", fi=0x5c5bbcf0)
    bb_fullpath:  rootdir = "/home/cpoulianou/fuse-tutorial-2018-02-04/example/rootdir", path = "/bogus.txt", fpath = "/home/cpoulianou/fuse-tutorial-2018-02-04/example/rootdir/bogus.txt"
    open returned 5
    fi:
    flags = 0x00008001
    fh_old = 0x00000000
    writepage = 0
    direct_io = 0
    keep_cache = 0
    fh = 0x0000000000000005
    lock_owner = 0x0000000000000000

bb_getxattr(path = "/bogus.txt", name = "security.capability", value = 0x00000000, size = 0)
    bb_fullpath:  rootdir = "/home/cpoulianou/fuse-tutorial-2018-02-04/example/rootdir", path = "/bogus.txt", fpath = "/home/cpoulianou/fuse-tutorial-2018-02-04/example/rootdir/bogus.txt"
    lgetxattr returned -1
    ERROR lgetxattr: No data available

bb_truncate(path="/bogus.txt", newsize=0)
    bb_fullpath:  rootdir = "/home/cpoulianou/fuse-tutorial-2018-02-04/example/rootdir", path = "/bogus.txt", fpath = "/home/cpoulianou/fuse-tutorial-2018-02-04/example/rootdir/bogus.txt"
    truncate returned 0

bb_getattr(path="/bogus.txt", statbuf=0x5c5bbb70)
    bb_fullpath:  rootdir = "/home/cpoulianou/fuse-tutorial-2018-02-04/example/rootdir", path = "/bogus.txt", fpath = "/home/cpoulianou/fuse-tutorial-2018-02-04/example/rootdir/bogus.txt"
    lstat returned 0
    si:
    st_dev = 64768
    st_ino = 272836
    st_mode = 0100664
    st_nlink = 1
    st_uid = 1000
    st_gid = 1000
    st_rdev = 0
    st_size = 0
    st_blksize = 4096
    st_blocks = 0
    st_atime = 0x60bcee6c
    st_mtime = 0x60bcee6f
    st_ctime = 0x60bcee6f

bb_getxattr(path = "/bogus.txt", name = "security.capability", value = 0x00000000, size = 0)
    bb_fullpath:  rootdir = "/home/cpoulianou/fuse-tutorial-2018-02-04/example/rootdir", path = "/bogus.txt", fpath = "/home/cpoulianou/fuse-tutorial-2018-02-04/example/rootdir/bogus.txt"
    lgetxattr returned -1
    ERROR lgetxattr: No data available

bb_write(path="/bogus.txt", buf=0x5c5bd060, size=11, offset=0, fi=0x5c5bbd50)
    fi:
    flags = 0x00008001
    fh_old = 0x00000005
    writepage = 0
    direct_io = 0
    keep_cache = 0
    fh = 0x0000000000000005
    lock_owner = 0x0000000000000000
    pwrite returned 11

bb_flush(path="/bogus.txt", fi=0x5bd98cf0)
    fi:
    flags = 0x00000000
    fh_old = 0x00000005
    writepage = 0
    direct_io = 0
    keep_cache = 0
    fh = 0x0000000000000005
    lock_owner = 0x2ae6b996a4170cae

bb_release(path="/bogus.txt", fi=0x5c5bbcf0)
    fi:
    flags = 0x00008001
    fh_old = 0x00000005
    writepage = 0
    direct_io = 0
    keep_cache = 0
    fh = 0x0000000000000005
    lock_owner = 0x0000000000000000
    close returned 0

bb_getattr(path="/bogus.txt", statbuf=0x5bd98c10)
    bb_fullpath:  rootdir = "/home/cpoulianou/fuse-tutorial-2018-02-04/example/rootdir", path = "/bogus.txt", fpath = "/home/cpoulianou/fuse-tutorial-2018-02-04/example/rootdir/bogus.txt"
    lstat returned 0
    si:
    st_dev = 64768
    st_ino = 272836
    st_mode = 0100664
    st_nlink = 1
    st_uid = 1000
    st_gid = 1000
    st_rdev = 0
    st_size = 11
    st_blksize = 4096
    st_blocks = 8
    st_atime = 0x60bcee6c
    st_mtime = 0x60bcee6f
    st_ctime = 0x60bcee6f

bb_getattr(path="/.bogus.txt.swp", statbuf=0x5c5bbc40)
    bb_fullpath:  rootdir = "/home/cpoulianou/fuse-tutorial-2018-02-04/example/rootdir", path = "/.bogus.txt.swp", fpath = "/home/cpoulianou/fuse-tutorial-2018-02-04/example/rootdir/.bogus.txt.swp"
    lstat returned 0
    si:
    st_dev = 64768
    st_ino = 279823
    st_mode = 0100664
    st_nlink = 1
    st_uid = 1000
    st_gid = 1000
    st_rdev = 0
    st_size = 1024
    st_blksize = 4096
    st_blocks = 8
    st_atime = 0x60bcee6e
    st_mtime = 0x60bcee6e
    st_ctime = 0x60bcee6e
bb_unlink(path="/.bogus.txt.swp")
    bb_fullpath:  rootdir = "/home/cpoulianou/fuse-tutorial-2018-02-04/example/rootdir", path = "/.bogus.txt.swp", fpath = "/home/cpoulianou/fuse-tutorial-2018-02-04/example/rootdir/.bogus.txt.swp"
    unlink returned 0

bb_getattr(path="/", statbuf=0x5bd98c10)
    bb_fullpath:  rootdir = "/home/cpoulianou/fuse-tutorial-2018-02-04/example/rootdir", path = "/", fpath = "/home/cpoulianou/fuse-tutorial-2018-02-04/example/rootdir/"
    lstat returned 0
    si:
    st_dev = 64768
    st_ino = 286856
    st_mode = 040775
    st_nlink = 2
    st_uid = 1000
    st_gid = 1000
    st_rdev = 0
    st_size = 4096
    st_blksize = 4096
    st_blocks = 8
    st_atime = 0x60bced79
    st_mtime = 0x60bcee6f
    st_ctime = 0x60bcee6f

bb_getattr(path="/", statbuf=0x5c5bbc10)
    bb_fullpath:  rootdir = "/home/cpoulianou/fuse-tutorial-2018-02-04/example/rootdir", path = "/", fpath = "/home/cpoulianou/fuse-tutorial-2018-02-04/example/rootdir/"
    lstat returned 0
    si:
    st_dev = 64768
    st_ino = 286856
    st_mode = 040775
    st_nlink = 2
    st_uid = 1000
    st_gid = 1000
    st_rdev = 0
    st_size = 4096
    st_blksize = 4096
    st_blocks = 8
    st_atime = 0x60bced79
    st_mtime = 0x60bcee6f
    st_ctime = 0x60bcee6f

bb_getattr(path="/", statbuf=0x5bd98c10)
    bb_fullpath:  rootdir = "/home/cpoulianou/fuse-tutorial-2018-02-04/example/rootdir", path = "/", fpath = "/home/cpoulianou/fuse-tutorial-2018-02-04/example/rootdir/"
    lstat returned 0
    si:
    st_dev = 64768
    st_ino = 286856
    st_mode = 040775
    st_nlink = 2
    st_uid = 1000
    st_gid = 1000
    st_rdev = 0
    st_size = 4096
    st_blksize = 4096
    st_blocks = 8
    st_atime = 0x60bced79
    st_mtime = 0x60bcee6f
    st_ctime = 0x60bcee6f

bb_access(path="/", mask=01)
    bb_fullpath:  rootdir = "/home/cpoulianou/fuse-tutorial-2018-02-04/example/rootdir", path = "/", fpath = "/home/cpoulianou/fuse-tutorial-2018-02-04/example/rootdir/"

bb_getattr(path="/", statbuf=0x5bd98c10)
    bb_fullpath:  rootdir = "/home/cpoulianou/fuse-tutorial-2018-02-04/example/rootdir", path = "/", fpath = "/home/cpoulianou/fuse-tutorial-2018-02-04/example/rootdir/"
    lstat returned 0
    si:
    st_dev = 64768
    st_ino = 286856
    st_mode = 040775
    st_nlink = 2
    st_uid = 1000
    st_gid = 1000
    st_rdev = 0
    st_size = 4096
    st_blksize = 4096
    st_blocks = 8
    st_atime = 0x60bced79
    st_mtime = 0x60bcee6f
    st_ctime = 0x60bcee6f

bb_getattr(path="/", statbuf=0x5c5bbc10)
    bb_fullpath:  rootdir = "/home/cpoulianou/fuse-tutorial-2018-02-04/example/rootdir", path = "/", fpath = "/home/cpoulianou/fuse-tutorial-2018-02-04/example/rootdir/"
    lstat returned 0
    si:
    st_dev = 64768
    st_ino = 286856
    st_mode = 040775
    st_nlink = 2
    st_uid = 1000
    st_gid = 1000
    st_rdev = 0
    st_size = 4096
    st_blksize = 4096
    st_blocks = 8
    st_atime = 0x60bced79
    st_mtime = 0x60bcee6f
    st_ctime = 0x60bcee6f

bb_getxattr(path = "/", name = "security.selinux", value = 0x4c000c30, size = 255)
    bb_fullpath:  rootdir = "/home/cpoulianou/fuse-tutorial-2018-02-04/example/rootdir", path = "/", fpath = "/home/cpoulianou/fuse-tutorial-2018-02-04/example/rootdir/"
    lgetxattr returned -1
    ERROR lgetxattr: No data available

bb_getxattr(path = "/", name = "system.posix_acl_access", value = 0x00000000, size = 0)
    bb_fullpath:  rootdir = "/home/cpoulianou/fuse-tutorial-2018-02-04/example/rootdir", path = "/", fpath = "/home/cpoulianou/fuse-tutorial-2018-02-04/example/rootdir/"
    lgetxattr returned -1
    ERROR lgetxattr: No data available

bb_getxattr(path = "/", name = "system.posix_acl_default", value = 0x00000000, size = 0)
    bb_fullpath:  rootdir = "/home/cpoulianou/fuse-tutorial-2018-02-04/example/rootdir", path = "/", fpath = "/home/cpoulianou/fuse-tutorial-2018-02-04/example/rootdir/"
    lgetxattr returned -1
    ERROR lgetxattr: No data available

bb_opendir(path="/", fi=0x5c5bbc30)
    bb_fullpath:  rootdir = "/home/cpoulianou/fuse-tutorial-2018-02-04/example/rootdir", path = "/", fpath = "/home/cpoulianou/fuse-tutorial-2018-02-04/example/rootdir/"
    opendir returned 0x0x7fe95400a240
    fi:
    flags = 0x00018800
    fh_old = 0x00000000
    writepage = 0
    direct_io = 0
    keep_cache = 0
    fh = 0x00007fe95400a240
    lock_owner = 0x0000000000000000

bb_readdir(path="/", buf=0x540022d0, filler=0x5c804bc0, offset=0, fi=0x5bd98c30)
    readdir returned 0x0x7fe95400a270
calling filler with name ..
calling filler with name bogus.txt
calling filler with name .
    fi:
    flags = 0x00000000
    fh_old = 0x7fe95400a240
    writepage = 0
    direct_io = 0
    keep_cache = 0
    fh = 0x00007fe95400a240
    lock_owner = 0x0000000000000000

bb_getattr(path="/bogus.txt", statbuf=0x5c5bbc40)
    bb_fullpath:  rootdir = "/home/cpoulianou/fuse-tutorial-2018-02-04/example/rootdir", path = "/bogus.txt", fpath = "/home/cpoulianou/fuse-tutorial-2018-02-04/example/rootdir/bogus.txt"
    lstat returned 0
    si:
    st_dev = 64768
    st_ino = 272836
    st_mode = 0100664
    st_nlink = 1
    st_uid = 1000
    st_gid = 1000
    st_rdev = 0
    st_size = 11
    st_blksize = 4096
    st_blocks = 8
    st_atime = 0x60bcee6c
    st_mtime = 0x60bcee6f
    st_ctime = 0x60bcee6f

bb_getxattr(path = "/bogus.txt", name = "security.selinux", value = 0x4c000c30, size = 255)
    bb_fullpath:  rootdir = "/home/cpoulianou/fuse-tutorial-2018-02-04/example/rootdir", path = "/bogus.txt", fpath = "/home/cpoulianou/fuse-tutorial-2018-02-04/example/rootdir/bogus.txt"
    lgetxattr returned -1
    ERROR lgetxattr: No data available

bb_getxattr(path = "/bogus.txt", name = "system.posix_acl_access", value = 0x00000000, size = 0)
    bb_fullpath:  rootdir = "/home/cpoulianou/fuse-tutorial-2018-02-04/example/rootdir", path = "/bogus.txt", fpath = "/home/cpoulianou/fuse-tutorial-2018-02-04/example/rootdir/bogus.txt"
    lgetxattr returned -1
    ERROR lgetxattr: No data available

bb_releasedir(path="/", fi=0x5c5bbc40)
    fi:
    flags = 0x00000000
    fh_old = 0x7fe95400a240
    writepage = 0
    direct_io = 0
    keep_cache = 0
    fh = 0x00007fe95400a240
    lock_owner = 0x0000000000000000

bb_getattr(path="/", statbuf=0x5bd98c10)
    bb_fullpath:  rootdir = "/home/cpoulianou/fuse-tutorial-2018-02-04/example/rootdir", path = "/", fpath = "/home/cpoulianou/fuse-tutorial-2018-02-04/example/rootdir/"
    lstat returned 0
    si:
    st_dev = 64768
    st_ino = 286856
    st_mode = 040775
    st_nlink = 2
    st_uid = 1000
    st_gid = 1000
    st_rdev = 0
    st_size = 4096
    st_blksize = 4096
    st_blocks = 8
    st_atime = 0x60bcfb08
    st_mtime = 0x60bd09cc
    st_ctime = 0x60bd09cc

bb_access(path="/", mask=01)
    bb_fullpath:  rootdir = "/home/cpoulianou/fuse-tutorial-2018-02-04/example/rootdir", path = "/", fpath = "/home/cpoulianou/fuse-tutorial-2018-02-04/example/rootdir/"

bb_opendir(path="/", fi=0x5bd98c30)
    bb_fullpath:  rootdir = "/home/cpoulianou/fuse-tutorial-2018-02-04/example/rootdir", path = "/", fpath = "/home/cpoulianou/fuse-tutorial-2018-02-04/example/rootdir/"
    opendir returned 0x0x7fe94c001720
    fi:
    flags = 0x00018800
    fh_old = 0x00000000
    writepage = 0
    direct_io = 0
    keep_cache = 0
    fh = 0x00007fe94c001720
    lock_owner = 0x0000000000000000

bb_getattr(path="/", statbuf=0x5c5bbc10)
    bb_fullpath:  rootdir = "/home/cpoulianou/fuse-tutorial-2018-02-04/example/rootdir", path = "/", fpath = "/home/cpoulianou/fuse-tutorial-2018-02-04/example/rootdir/"
    lstat returned 0
    si:
    st_dev = 64768
    st_ino = 286856
    st_mode = 040775
    st_nlink = 2
    st_uid = 1000
    st_gid = 1000
    st_rdev = 0
    st_size = 4096
    st_blksize = 4096
    st_blocks = 8
    st_atime = 0x60bcfb08
    st_mtime = 0x60bd09cc
    st_ctime = 0x60bd09cc

bb_readdir(path="/", buf=0x4c0016a0, filler=0x5c804bc0, offset=0, fi=0x5bd98c30)
    readdir returned 0x0x7fe94c001750
calling filler with name ..
calling filler with name bogus.txt
calling filler with name .
    fi:
    flags = 0x00000000
    fh_old = 0x7fe94c001720
    writepage = 0
    direct_io = 0
    keep_cache = 0
    fh = 0x00007fe94c001720
    lock_owner = 0x0000000000000000

bb_releasedir(path="/", fi=0x5bd98c40)
    fi:
    flags = 0x00000000
    fh_old = 0x7fe94c001720
    writepage = 0
    direct_io = 0
    keep_cache = 0
    fh = 0x00007fe94c001720
    lock_owner = 0x0000000000000000

bb_getattr(path="/", statbuf=0x5c5bbc10)
    bb_fullpath:  rootdir = "/home/cpoulianou/fuse-tutorial-2018-02-04/example/rootdir", path = "/", fpath = "/home/cpoulianou/fuse-tutorial-2018-02-04/example/rootdir/"
    lstat returned 0
    si:
    st_dev = 64768
    st_ino = 286856
    st_mode = 040775
    st_nlink = 2
    st_uid = 1000
    st_gid = 1000
    st_rdev = 0
    st_size = 4096
    st_blksize = 4096
    st_blocks = 8
    st_atime = 0x60bd1329
    st_mtime = 0x60bd09cc
    st_ctime = 0x60bd09cc

bb_getattr(path="/bogus.txt", statbuf=0x5bd98c40)
    bb_fullpath:  rootdir = "/home/cpoulianou/fuse-tutorial-2018-02-04/example/rootdir", path = "/bogus.txt", fpath = "/home/cpoulianou/fuse-tutorial-2018-02-04/example/rootdir/bogus.txt"
    lstat returned 0
    si:
    st_dev = 64768
    st_ino = 272836
    st_mode = 0100664
    st_nlink = 1
    st_uid = 1000
    st_gid = 1000
    st_rdev = 0
    st_size = 11
    st_blksize = 4096
    st_blocks = 8
    st_atime = 0x60bcfddc
    st_mtime = 0x60bcee6f
    st_ctime = 0x60bcee6f

bb_open(path"/bogus.txt", fi=0x5c5bbcf0)
    bb_fullpath:  rootdir = "/home/cpoulianou/fuse-tutorial-2018-02-04/example/rootdir", path = "/bogus.txt", fpath = "/home/cpoulianou/fuse-tutorial-2018-02-04/example/rootdir/bogus.txt"
    open returned 5
    fi:
    flags = 0x00008000
    fh_old = 0x00000000
    writepage = 0
    direct_io = 0
    keep_cache = 0
    fh = 0x0000000000000005
    lock_owner = 0x0000000000000000

bb_read(path="/bogus.txt", buf=0x4c001720, size=4096, offset=0, fi=0x5bd98cf0)
    fi:
    flags = 0x00008000
    fh_old = 0x00000005
    writepage = 0
    direct_io = 0
    keep_cache = 0
    fh = 0x0000000000000005
    lock_owner = 0x0000000000000000
    pread returned 11

bb_flush(path="/bogus.txt", fi=0x5c5bbcf0)
    fi:
    flags = 0x00000000
    fh_old = 0x00000005
    writepage = 0
    direct_io = 0
    keep_cache = 0
    fh = 0x0000000000000005
    lock_owner = 0xaf947b0242f88f25

bb_release(path="/bogus.txt", fi=0x5bd98cf0)
    fi:
    flags = 0x00008000
    fh_old = 0x00000005
    writepage = 0
    direct_io = 0
    keep_cache = 0
    fh = 0x0000000000000005
    lock_owner = 0x0000000000000000
    close returned 0

bb_getattr(path="/", statbuf=0x5c5bbc10)
    bb_fullpath:  rootdir = "/home/cpoulianou/fuse-tutorial-2018-02-04/example/rootdir", path = "/", fpath = "/home/cpoulianou/fuse-tutorial-2018-02-04/example/rootdir/"
    lstat returned 0
    si:
    st_dev = 64768
    st_ino = 286856
    st_mode = 040775
    st_nlink = 2
    st_uid = 1000
    st_gid = 1000
    st_rdev = 0
    st_size = 4096
    st_blksize = 4096
    st_blocks = 8
    st_atime = 0x60bd1329
    st_mtime = 0x60bd09cc
    st_ctime = 0x60bd09cc

bb_access(path="/", mask=01)
    bb_fullpath:  rootdir = "/home/cpoulianou/fuse-tutorial-2018-02-04/example/rootdir", path = "/", fpath = "/home/cpoulianou/fuse-tutorial-2018-02-04/example/rootdir/"

bb_access(path="/", mask=01)
    bb_fullpath:  rootdir = "/home/cpoulianou/fuse-tutorial-2018-02-04/example/rootdir", path = "/", fpath = "/home/cpoulianou/fuse-tutorial-2018-02-04/example/rootdir/"

bb_getattr(path="/bogus.txt", statbuf=0x5bd98c40)
    bb_fullpath:  rootdir = "/home/cpoulianou/fuse-tutorial-2018-02-04/example/rootdir", path = "/bogus.txt", fpath = "/home/cpoulianou/fuse-tutorial-2018-02-04/example/rootdir/bogus.txt"
    lstat returned 0
    si:
    st_dev = 64768
    st_ino = 272836
    st_mode = 0100664
    st_nlink = 1
    st_uid = 1000
    st_gid = 1000
    st_rdev = 0
    st_size = 11
    st_blksize = 4096
    st_blocks = 8
    st_atime = 0x60bcfddc
    st_mtime = 0x60bcee6f
    st_ctime = 0x60bcee6f

bb_open(path"/bogus.txt", fi=0x5c5bbcf0)
    bb_fullpath:  rootdir = "/home/cpoulianou/fuse-tutorial-2018-02-04/example/rootdir", path = "/bogus.txt", fpath = "/home/cpoulianou/fuse-tutorial-2018-02-04/example/rootdir/bogus.txt"
    open returned 5
    fi:
    flags = 0x00008000
    fh_old = 0x00000000
    writepage = 0
    direct_io = 0
    keep_cache = 0
    fh = 0x0000000000000005
    lock_owner = 0x0000000000000000

bb_read(path="/bogus.txt", buf=0x4c001720, size=4096, offset=0, fi=0x5bd98cf0)
    fi:
    flags = 0x00008000
    fh_old = 0x00000005
    writepage = 0
    direct_io = 0
    keep_cache = 0
    fh = 0x0000000000000005
    lock_owner = 0x0000000000000000
    pread returned 11

bb_flush(path="/bogus.txt", fi=0x5c5bbcf0)
    fi:
    flags = 0x00000000
    fh_old = 0x00000005
    writepage = 0
    direct_io = 0
    keep_cache = 0
    fh = 0x0000000000000005
    lock_owner = 0x64e392a92083dbbd

bb_release(path="/bogus.txt", fi=0x5bd98cf0)
    fi:
    flags = 0x00008000
    fh_old = 0x00000005
    writepage = 0
    direct_io = 0
    keep_cache = 0
    fh = 0x0000000000000005
    lock_owner = 0x0000000000000000
    close returned 0

bb_access(path="/", mask=01)
    bb_fullpath:  rootdir = "/home/cpoulianou/fuse-tutorial-2018-02-04/example/rootdir", path = "/", fpath = "/home/cpoulianou/fuse-tutorial-2018-02-04/example/rootdir/"

bb_access(path="/", mask=01)
    bb_fullpath:  rootdir = "/home/cpoulianou/fuse-tutorial-2018-02-04/example/rootdir", path = "/", fpath = "/home/cpoulianou/fuse-tutorial-2018-02-04/example/rootdir/"

bb_getattr(path="/bogus.txt", statbuf=0x5c5bbc40)
    bb_fullpath:  rootdir = "/home/cpoulianou/fuse-tutorial-2018-02-04/example/rootdir", path = "/bogus.txt", fpath = "/home/cpoulianou/fuse-tutorial-2018-02-04/example/rootdir/bogus.txt"
    lstat returned 0
    si:
    st_dev = 64768
    st_ino = 272836
    st_mode = 0100664
    st_nlink = 1
    st_uid = 1000
    st_gid = 1000
    st_rdev = 0
    st_size = 11
    st_blksize = 4096
    st_blocks = 8
    st_atime = 0x60bcfddc
    st_mtime = 0x60bcee6f
    st_ctime = 0x60bcee6f

bb_open(path"/bogus.txt", fi=0x5bd98cf0)
    bb_fullpath:  rootdir = "/home/cpoulianou/fuse-tutorial-2018-02-04/example/rootdir", path = "/bogus.txt", fpath = "/home/cpoulianou/fuse-tutorial-2018-02-04/example/rootdir/bogus.txt"
    open returned 5
    fi:
    flags = 0x00008000
    fh_old = 0x00000000
    writepage = 0
    direct_io = 0
    keep_cache = 0
    fh = 0x0000000000000005
    lock_owner = 0x0000000000000000

bb_read(path="/bogus.txt", buf=0x54002350, size=4096, offset=0, fi=0x5c5bbcf0)
    fi:
    flags = 0x00008000
    fh_old = 0x00000005
    writepage = 0
    direct_io = 0
    keep_cache = 0
    fh = 0x0000000000000005
    lock_owner = 0x0000000000000000
    pread returned 11

bb_flush(path="/bogus.txt", fi=0x5bd98cf0)
    fi:
    flags = 0x00000000
    fh_old = 0x00000005
    writepage = 0
    direct_io = 0
    keep_cache = 0
    fh = 0x0000000000000005
    lock_owner = 0x40ae25282220140b

bb_release(path="/bogus.txt", fi=0x5c5bbcf0)
    fi:
    flags = 0x00008000
    fh_old = 0x00000005
    writepage = 0
    direct_io = 0
    keep_cache = 0
    fh = 0x0000000000000005
    lock_owner = 0x0000000000000000
    close returned 0

bb_access(path="/", mask=01)
    bb_fullpath:  rootdir = "/home/cpoulianou/fuse-tutorial-2018-02-04/example/rootdir", path = "/", fpath = "/home/cpoulianou/fuse-tutorial-2018-02-04/example/rootdir/"

bb_access(path="/", mask=01)
    bb_fullpath:  rootdir = "/home/cpoulianou/fuse-tutorial-2018-02-04/example/rootdir", path = "/", fpath = "/home/cpoulianou/fuse-tutorial-2018-02-04/example/rootdir/"

bb_getattr(path="/bogus.txt", statbuf=0x5bd98c40)
    bb_fullpath:  rootdir = "/home/cpoulianou/fuse-tutorial-2018-02-04/example/rootdir", path = "/bogus.txt", fpath = "/home/cpoulianou/fuse-tutorial-2018-02-04/example/rootdir/bogus.txt"
    lstat returned 0
    si:
    st_dev = 64768
    st_ino = 272836
    st_mode = 0100664
    st_nlink = 1
    st_uid = 1000
    st_gid = 1000
    st_rdev = 0
    st_size = 11
    st_blksize = 4096
    st_blocks = 8
    st_atime = 0x60bcfddc
    st_mtime = 0x60bcee6f
    st_ctime = 0x60bcee6f

bb_getattr(path="/", statbuf=0x5c5bbc10)
    bb_fullpath:  rootdir = "/home/cpoulianou/fuse-tutorial-2018-02-04/example/rootdir", path = "/", fpath = "/home/cpoulianou/fuse-tutorial-2018-02-04/example/rootdir/"
    lstat returned 0
    si:
    st_dev = 64768
    st_ino = 286856
    st_mode = 040775
    st_nlink = 2
    st_uid = 1000
    st_gid = 1000
    st_rdev = 0
    st_size = 4096
    st_blksize = 4096
    st_blocks = 8
    st_atime = 0x60bd1329
    st_mtime = 0x60bd09cc
    st_ctime = 0x60bd09cc

bb_access(path="/", mask=01)
    bb_fullpath:  rootdir = "/home/cpoulianou/fuse-tutorial-2018-02-04/example/rootdir", path = "/", fpath = "/home/cpoulianou/fuse-tutorial-2018-02-04/example/rootdir/"

bb_access(path="/", mask=02)
    bb_fullpath:  rootdir = "/home/cpoulianou/fuse-tutorial-2018-02-04/example/rootdir", path = "/", fpath = "/home/cpoulianou/fuse-tutorial-2018-02-04/example/rootdir/"

bb_getattr(path="/.bogus.txt.swp", statbuf=0x5bd98c40)
    bb_fullpath:  rootdir = "/home/cpoulianou/fuse-tutorial-2018-02-04/example/rootdir", path = "/.bogus.txt.swp", fpath = "/home/cpoulianou/fuse-tutorial-2018-02-04/example/rootdir/.bogus.txt.swp"
    lstat returned -1
    ERROR lstat: No such file or directory
    si:
    st_dev = 0
    st_ino = 0
    st_mode = 00
    st_nlink = 0
    st_uid = 0
    st_gid = 0
    st_rdev = 0
    st_size = 0
    st_blksize = 0
    st_blocks = 0
    st_atime = 0x00000000
    st_mtime = 0x00000000
    st_ctime = 0x00000000

bb_getattr(path="/.bogus.txt.swp", statbuf=0x5c5bbc40)
    bb_fullpath:  rootdir = "/home/cpoulianou/fuse-tutorial-2018-02-04/example/rootdir", path = "/.bogus.txt.swp", fpath = "/home/cpoulianou/fuse-tutorial-2018-02-04/example/rootdir/.bogus.txt.swp"
    lstat returned -1
    ERROR lstat: No such file or directory
    si:
    st_dev = 0
    st_ino = 0
    st_mode = 00
    st_nlink = 0
    st_uid = 0
    st_gid = 0
    st_rdev = 0
    st_size = 0
    st_blksize = 0
    st_blocks = 0
    st_atime = 0x00000000
    st_mtime = 0x00000000
    st_ctime = 0x00000000

bb_getattr(path="/.bogus.txt.swp", statbuf=0x5bd98c40)
    bb_fullpath:  rootdir = "/home/cpoulianou/fuse-tutorial-2018-02-04/example/rootdir", path = "/.bogus.txt.swp", fpath = "/home/cpoulianou/fuse-tutorial-2018-02-04/example/rootdir/.bogus.txt.swp"
    lstat returned -1
    ERROR lstat: No such file or directory
    si:
    st_dev = 0
    st_ino = 0
    st_mode = 00
    st_nlink = 0
    st_uid = 0
    st_gid = 0
    st_rdev = 0
    st_size = 0
    st_blksize = 0
    st_blocks = 0
    st_atime = 0x00000000
    st_mtime = 0x00000000
    st_ctime = 0x00000000

bb_mknod(path="/.bogus.txt.swp", mode=0100664, dev=0)
    bb_fullpath:  rootdir = "/home/cpoulianou/fuse-tutorial-2018-02-04/example/rootdir", path = "/.bogus.txt.swp", fpath = "/home/cpoulianou/fuse-tutorial-2018-02-04/example/rootdir/.bogus.txt.swp"
    open returned 5
    close returned 0

bb_getattr(path="/.bogus.txt.swp", statbuf=0x5c5bbc40)
    bb_fullpath:  rootdir = "/home/cpoulianou/fuse-tutorial-2018-02-04/example/rootdir", path = "/.bogus.txt.swp", fpath = "/home/cpoulianou/fuse-tutorial-2018-02-04/example/rootdir/.bogus.txt.swp"
    lstat returned 0
    si:
    st_dev = 64768
    st_ino = 279823
    st_mode = 0100664
    st_nlink = 1
    st_uid = 1000
    st_gid = 1000
    st_rdev = 0
    st_size = 0
    st_blksize = 4096
    st_blocks = 0
    st_atime = 0x60bd1377
    st_mtime = 0x60bd1377
    st_ctime = 0x60bd1377

bb_open(path"/.bogus.txt.swp", fi=0x5bd98cf0)
    bb_fullpath:  rootdir = "/home/cpoulianou/fuse-tutorial-2018-02-04/example/rootdir", path = "/.bogus.txt.swp", fpath = "/home/cpoulianou/fuse-tutorial-2018-02-04/example/rootdir/.bogus.txt.swp"
    open returned 5
    fi:
    flags = 0x00008401
    fh_old = 0x00000000
    writepage = 0
    direct_io = 0
    keep_cache = 0
    fh = 0x0000000000000005
    lock_owner = 0x0000000000000000

bb_getxattr(path = "/.bogus.txt.swp", name = "security.capability", value = 0x00000000, size = 0)
    bb_fullpath:  rootdir = "/home/cpoulianou/fuse-tutorial-2018-02-04/example/rootdir", path = "/.bogus.txt.swp", fpath = "/home/cpoulianou/fuse-tutorial-2018-02-04/example/rootdir/.bogus.txt.swp"
    lgetxattr returned -1
    ERROR lgetxattr: No data available

bb_write(path="/.bogus.txt.swp", buf=0x5bd9a060, size=1024, offset=0, fi=0x5bd98d50)
    fi:
    flags = 0x00008401
    fh_old = 0x00000005
    writepage = 0
    direct_io = 0
    keep_cache = 0
    fh = 0x0000000000000005
    lock_owner = 0x0000000000000000
    pwrite returned 1024

bb_flush(path="/.bogus.txt.swp", fi=0x5c5bbcf0)
    fi:
    flags = 0x00000000
    fh_old = 0x00000005
    writepage = 0
    direct_io = 0
    keep_cache = 0
    fh = 0x0000000000000005
    lock_owner = 0x40ae25282220140b

bb_release(path="/.bogus.txt.swp", fi=0x5bd98cf0)
    fi:
    flags = 0x00008401
    fh_old = 0x00000005
    writepage = 0
    direct_io = 0
    keep_cache = 0
    fh = 0x0000000000000005
    lock_owner = 0x0000000000000000
    close returned 0

bb_open(path"/bogus.txt", fi=0x5c5bbcf0)
    bb_fullpath:  rootdir = "/home/cpoulianou/fuse-tutorial-2018-02-04/example/rootdir", path = "/bogus.txt", fpath = "/home/cpoulianou/fuse-tutorial-2018-02-04/example/rootdir/bogus.txt"
    open returned 5
    fi:
    flags = 0x00008000
    fh_old = 0x00000000
    writepage = 0
    direct_io = 0
    keep_cache = 0
    fh = 0x0000000000000005
    lock_owner = 0x0000000000000000

bb_read(path="/bogus.txt", buf=0x4c001720, size=4096, offset=0, fi=0x5bd98cf0)
    fi:
    flags = 0x00008000
    fh_old = 0x00000005
    writepage = 0
    direct_io = 0
    keep_cache = 0
    fh = 0x0000000000000005
    lock_owner = 0x0000000000000000
    pread returned 11

bb_flush(path="/bogus.txt", fi=0x5c5bbcf0)
    fi:
    flags = 0x00000000
    fh_old = 0x00000005
    writepage = 0
    direct_io = 0
    keep_cache = 0
    fh = 0x0000000000000005
    lock_owner = 0x40ae25282220140b

bb_release(path="/bogus.txt", fi=0x5bd98cf0)
    fi:
    flags = 0x00008000
    fh_old = 0x00000005
    writepage = 0
    direct_io = 0
    keep_cache = 0
    fh = 0x0000000000000005
    lock_owner = 0x0000000000000000
    close returned 0

bb_access(path="/bogus.txt", mask=02)
    bb_fullpath:  rootdir = "/home/cpoulianou/fuse-tutorial-2018-02-04/example/rootdir", path = "/bogus.txt", fpath = "/home/cpoulianou/fuse-tutorial-2018-02-04/example/rootdir/bogus.txt"

bb_getattr(path="/bogus.txt", statbuf=0x5bd98c10)
    bb_fullpath:  rootdir = "/home/cpoulianou/fuse-tutorial-2018-02-04/example/rootdir", path = "/bogus.txt", fpath = "/home/cpoulianou/fuse-tutorial-2018-02-04/example/rootdir/bogus.txt"
    lstat returned 0
    si:
    st_dev = 64768
    st_ino = 272836
    st_mode = 0100664
    st_nlink = 1
    st_uid = 1000
    st_gid = 1000
    st_rdev = 0
    st_size = 11
    st_blksize = 4096
    st_blocks = 8
    st_atime = 0x60bcfddc
    st_mtime = 0x60bcee6f
    st_ctime = 0x60bcee6f

bb_getattr(path="/.bogus.txt.swp", statbuf=0x5c5bbc40)
    bb_fullpath:  rootdir = "/home/cpoulianou/fuse-tutorial-2018-02-04/example/rootdir", path = "/.bogus.txt.swp", fpath = "/home/cpoulianou/fuse-tutorial-2018-02-04/example/rootdir/.bogus.txt.swp"
    lstat returned 0
    si:
    st_dev = 64768
    st_ino = 279823
    st_mode = 0100664
    st_nlink = 1
    st_uid = 1000
    st_gid = 1000
    st_rdev = 0
    st_size = 1024
    st_blksize = 4096
    st_blocks = 8
    st_atime = 0x60bd1377
    st_mtime = 0x60bd1377
    st_ctime = 0x60bd1377
bb_unlink(path="/.bogus.txt.swp")
    bb_fullpath:  rootdir = "/home/cpoulianou/fuse-tutorial-2018-02-04/example/rootdir", path = "/.bogus.txt.swp", fpath = "/home/cpoulianou/fuse-tutorial-2018-02-04/example/rootdir/.bogus.txt.swp"
    unlink returned 0

bb_getattr(path="/.bogus.txt.swp", statbuf=0x5bd98c40)
    bb_fullpath:  rootdir = "/home/cpoulianou/fuse-tutorial-2018-02-04/example/rootdir", path = "/.bogus.txt.swp", fpath = "/home/cpoulianou/fuse-tutorial-2018-02-04/example/rootdir/.bogus.txt.swp"
    lstat returned -1
    ERROR lstat: No such file or directory
    si:
    st_dev = 0
    st_ino = 0
    st_mode = 00
    st_nlink = 0
    st_uid = 0
    st_gid = 0
    st_rdev = 0
    st_size = 0
    st_blksize = 0
    st_blocks = 0
    st_atime = 0x00000000
    st_mtime = 0x00000000
    st_ctime = 0x00000000

bb_mknod(path="/.bogus.txt.swp", mode=0100664, dev=0)
    bb_fullpath:  rootdir = "/home/cpoulianou/fuse-tutorial-2018-02-04/example/rootdir", path = "/.bogus.txt.swp", fpath = "/home/cpoulianou/fuse-tutorial-2018-02-04/example/rootdir/.bogus.txt.swp"
    open returned 5
    close returned 0

bb_getattr(path="/.bogus.txt.swp", statbuf=0x5c5bbc40)
    bb_fullpath:  rootdir = "/home/cpoulianou/fuse-tutorial-2018-02-04/example/rootdir", path = "/.bogus.txt.swp", fpath = "/home/cpoulianou/fuse-tutorial-2018-02-04/example/rootdir/.bogus.txt.swp"
    lstat returned 0
    si:
    st_dev = 64768
    st_ino = 279823
    st_mode = 0100664
    st_nlink = 1
    st_uid = 1000
    st_gid = 1000
    st_rdev = 0
    st_size = 0
    st_blksize = 4096
    st_blocks = 0
    st_atime = 0x60bd137a
    st_mtime = 0x60bd137a
    st_ctime = 0x60bd137a

bb_open(path"/.bogus.txt.swp", fi=0x5bd98cf0)
    bb_fullpath:  rootdir = "/home/cpoulianou/fuse-tutorial-2018-02-04/example/rootdir", path = "/.bogus.txt.swp", fpath = "/home/cpoulianou/fuse-tutorial-2018-02-04/example/rootdir/.bogus.txt.swp"
    open returned 5
    fi:
    flags = 0x00008401
    fh_old = 0x00000000
    writepage = 0
    direct_io = 0
    keep_cache = 0
    fh = 0x0000000000000005
    lock_owner = 0x0000000000000000

bb_getxattr(path = "/.bogus.txt.swp", name = "security.capability", value = 0x00000000, size = 0)
    bb_fullpath:  rootdir = "/home/cpoulianou/fuse-tutorial-2018-02-04/example/rootdir", path = "/.bogus.txt.swp", fpath = "/home/cpoulianou/fuse-tutorial-2018-02-04/example/rootdir/.bogus.txt.swp"
    lgetxattr returned -1
    ERROR lgetxattr: No data available

bb_write(path="/.bogus.txt.swp", buf=0x5bd9a060, size=1024, offset=0, fi=0x5bd98d50)
    fi:
    flags = 0x00008401
    fh_old = 0x00000005
    writepage = 0
    direct_io = 0
    keep_cache = 0
    fh = 0x0000000000000005
    lock_owner = 0x0000000000000000
    pwrite returned 1024

bb_flush(path="/.bogus.txt.swp", fi=0x5c5bbcf0)
    fi:
    flags = 0x00000000
    fh_old = 0x00000005
    writepage = 0
    direct_io = 0
    keep_cache = 0
    fh = 0x0000000000000005
    lock_owner = 0x40ae25282220140b

bb_release(path="/.bogus.txt.swp", fi=0x5bd98cf0)
    fi:
    flags = 0x00008401
    fh_old = 0x00000005
    writepage = 0
    direct_io = 0
    keep_cache = 0
    fh = 0x0000000000000005
    lock_owner = 0x0000000000000000
    close returned 0

bb_getattr(path="/bogus.txt", statbuf=0x5c5bbc40)
    bb_fullpath:  rootdir = "/home/cpoulianou/fuse-tutorial-2018-02-04/example/rootdir", path = "/bogus.txt", fpath = "/home/cpoulianou/fuse-tutorial-2018-02-04/example/rootdir/bogus.txt"
    lstat returned 0
    si:
    st_dev = 64768
    st_ino = 272836
    st_mode = 0100664
    st_nlink = 1
    st_uid = 1000
    st_gid = 1000
    st_rdev = 0
    st_size = 11
    st_blksize = 4096
    st_blocks = 8
    st_atime = 0x60bcfddc
    st_mtime = 0x60bcee6f
    st_ctime = 0x60bcee6f

bb_open(path"/bogus.txt", fi=0x5bd98cf0)
    bb_fullpath:  rootdir = "/home/cpoulianou/fuse-tutorial-2018-02-04/example/rootdir", path = "/bogus.txt", fpath = "/home/cpoulianou/fuse-tutorial-2018-02-04/example/rootdir/bogus.txt"
    open returned 5
    fi:
    flags = 0x00008001
    fh_old = 0x00000000
    writepage = 0
    direct_io = 0
    keep_cache = 0
    fh = 0x0000000000000005
    lock_owner = 0x0000000000000000

bb_getxattr(path = "/bogus.txt", name = "security.capability", value = 0x00000000, size = 0)
    bb_fullpath:  rootdir = "/home/cpoulianou/fuse-tutorial-2018-02-04/example/rootdir", path = "/bogus.txt", fpath = "/home/cpoulianou/fuse-tutorial-2018-02-04/example/rootdir/bogus.txt"
    lgetxattr returned -1
    ERROR lgetxattr: No data available

bb_truncate(path="/bogus.txt", newsize=0)
    bb_fullpath:  rootdir = "/home/cpoulianou/fuse-tutorial-2018-02-04/example/rootdir", path = "/bogus.txt", fpath = "/home/cpoulianou/fuse-tutorial-2018-02-04/example/rootdir/bogus.txt"
    truncate returned 0

bb_getattr(path="/bogus.txt", statbuf=0x5bd98b70)
    bb_fullpath:  rootdir = "/home/cpoulianou/fuse-tutorial-2018-02-04/example/rootdir", path = "/bogus.txt", fpath = "/home/cpoulianou/fuse-tutorial-2018-02-04/example/rootdir/bogus.txt"
    lstat returned 0
    si:
    st_dev = 64768
    st_ino = 272836
    st_mode = 0100664
    st_nlink = 1
    st_uid = 1000
    st_gid = 1000
    st_rdev = 0
    st_size = 0
    st_blksize = 4096
    st_blocks = 0
    st_atime = 0x60bcfddc
    st_mtime = 0x60bd137b
    st_ctime = 0x60bd137b

bb_getxattr(path = "/bogus.txt", name = "security.capability", value = 0x00000000, size = 0)
    bb_fullpath:  rootdir = "/home/cpoulianou/fuse-tutorial-2018-02-04/example/rootdir", path = "/bogus.txt", fpath = "/home/cpoulianou/fuse-tutorial-2018-02-04/example/rootdir/bogus.txt"
    lgetxattr returned -1
    ERROR lgetxattr: No data available

bb_write(path="/bogus.txt", buf=0x5bd9a060, size=25, offset=0, fi=0x5bd98d50)
    fi:
    flags = 0x00008001
    fh_old = 0x00000005
    writepage = 0
    direct_io = 0
    keep_cache = 0
    fh = 0x0000000000000005
    lock_owner = 0x0000000000000000
    pwrite returned 25

bb_flush(path="/bogus.txt", fi=0x5c5bbcf0)
    fi:
    flags = 0x00000000
    fh_old = 0x00000005
    writepage = 0
    direct_io = 0
    keep_cache = 0
    fh = 0x0000000000000005
    lock_owner = 0x40ae25282220140b

bb_release(path="/bogus.txt", fi=0x5bd98cf0)
    fi:
    flags = 0x00008001
    fh_old = 0x00000005
    writepage = 0
    direct_io = 0
    keep_cache = 0
    fh = 0x0000000000000005
    lock_owner = 0x0000000000000000
    close returned 0

bb_getattr(path="/bogus.txt", statbuf=0x5c5bbc10)
    bb_fullpath:  rootdir = "/home/cpoulianou/fuse-tutorial-2018-02-04/example/rootdir", path = "/bogus.txt", fpath = "/home/cpoulianou/fuse-tutorial-2018-02-04/example/rootdir/bogus.txt"
    lstat returned 0
    si:
    st_dev = 64768
    st_ino = 272836
    st_mode = 0100664
    st_nlink = 1
    st_uid = 1000
    st_gid = 1000
    st_rdev = 0
    st_size = 25
    st_blksize = 4096
    st_blocks = 8
    st_atime = 0x60bcfddc
    st_mtime = 0x60bd137b
    st_ctime = 0x60bd137b

bb_getattr(path="/.bogus.txt.swp", statbuf=0x5bd98c40)
    bb_fullpath:  rootdir = "/home/cpoulianou/fuse-tutorial-2018-02-04/example/rootdir", path = "/.bogus.txt.swp", fpath = "/home/cpoulianou/fuse-tutorial-2018-02-04/example/rootdir/.bogus.txt.swp"
    lstat returned 0
    si:
    st_dev = 64768
    st_ino = 279823
    st_mode = 0100664
    st_nlink = 1
    st_uid = 1000
    st_gid = 1000
    st_rdev = 0
    st_size = 1024
    st_blksize = 4096
    st_blocks = 8
    st_atime = 0x60bd137a
    st_mtime = 0x60bd137a
    st_ctime = 0x60bd137a
bb_unlink(path="/.bogus.txt.swp")
    bb_fullpath:  rootdir = "/home/cpoulianou/fuse-tutorial-2018-02-04/example/rootdir", path = "/.bogus.txt.swp", fpath = "/home/cpoulianou/fuse-tutorial-2018-02-04/example/rootdir/.bogus.txt.swp"
    unlink returned 0

bb_access(path="/", mask=01)
    bb_fullpath:  rootdir = "/home/cpoulianou/fuse-tutorial-2018-02-04/example/rootdir", path = "/", fpath = "/home/cpoulianou/fuse-tutorial-2018-02-04/example/rootdir/"

bb_access(path="/", mask=01)
    bb_fullpath:  rootdir = "/home/cpoulianou/fuse-tutorial-2018-02-04/example/rootdir", path = "/", fpath = "/home/cpoulianou/fuse-tutorial-2018-02-04/example/rootdir/"

bb_getattr(path="/bogus.txt", statbuf=0x5c5bbc40)
    bb_fullpath:  rootdir = "/home/cpoulianou/fuse-tutorial-2018-02-04/example/rootdir", path = "/bogus.txt", fpath = "/home/cpoulianou/fuse-tutorial-2018-02-04/example/rootdir/bogus.txt"
    lstat returned 0
    si:
    st_dev = 64768
    st_ino = 272836
    st_mode = 0100664
    st_nlink = 1
    st_uid = 1000
    st_gid = 1000
    st_rdev = 0
    st_size = 25
    st_blksize = 4096
    st_blocks = 8
    st_atime = 0x60bcfddc
    st_mtime = 0x60bd137b
    st_ctime = 0x60bd137b

bb_getattr(path="/", statbuf=0x5bd98c10)
    bb_fullpath:  rootdir = "/home/cpoulianou/fuse-tutorial-2018-02-04/example/rootdir", path = "/", fpath = "/home/cpoulianou/fuse-tutorial-2018-02-04/example/rootdir/"
    lstat returned 0
    si:
    st_dev = 64768
    st_ino = 286856
    st_mode = 040775
    st_nlink = 2
    st_uid = 1000
    st_gid = 1000
    st_rdev = 0
    st_size = 4096
    st_blksize = 4096
    st_blocks = 8
    st_atime = 0x60bd1329
    st_mtime = 0x60bd137c
    st_ctime = 0x60bd137c

bb_access(path="/", mask=01)
    bb_fullpath:  rootdir = "/home/cpoulianou/fuse-tutorial-2018-02-04/example/rootdir", path = "/", fpath = "/home/cpoulianou/fuse-tutorial-2018-02-04/example/rootdir/"

bb_access(path="/", mask=02)
    bb_fullpath:  rootdir = "/home/cpoulianou/fuse-tutorial-2018-02-04/example/rootdir", path = "/", fpath = "/home/cpoulianou/fuse-tutorial-2018-02-04/example/rootdir/"

bb_getattr(path="/.bogus.txt.swp", statbuf=0x5c5bbc40)
    bb_fullpath:  rootdir = "/home/cpoulianou/fuse-tutorial-2018-02-04/example/rootdir", path = "/.bogus.txt.swp", fpath = "/home/cpoulianou/fuse-tutorial-2018-02-04/example/rootdir/.bogus.txt.swp"
    lstat returned -1
    ERROR lstat: No such file or directory
    si:
    st_dev = 0
    st_ino = 0
    st_mode = 00
    st_nlink = 0
    st_uid = 0
    st_gid = 0
    st_rdev = 0
    st_size = 0
    st_blksize = 0
    st_blocks = 0
    st_atime = 0x00000000
    st_mtime = 0x00000000
    st_ctime = 0x00000000

bb_getattr(path="/.bogus.txt.swp", statbuf=0x5bd98c40)
    bb_fullpath:  rootdir = "/home/cpoulianou/fuse-tutorial-2018-02-04/example/rootdir", path = "/.bogus.txt.swp", fpath = "/home/cpoulianou/fuse-tutorial-2018-02-04/example/rootdir/.bogus.txt.swp"
    lstat returned -1
    ERROR lstat: No such file or directory
    si:
    st_dev = 0
    st_ino = 0
    st_mode = 00
    st_nlink = 0
    st_uid = 0
    st_gid = 0
    st_rdev = 0
    st_size = 0
    st_blksize = 0
    st_blocks = 0
    st_atime = 0x00000000
    st_mtime = 0x00000000
    st_ctime = 0x00000000

bb_getattr(path="/.bogus.txt.swp", statbuf=0x5c5bbc40)
    bb_fullpath:  rootdir = "/home/cpoulianou/fuse-tutorial-2018-02-04/example/rootdir", path = "/.bogus.txt.swp", fpath = "/home/cpoulianou/fuse-tutorial-2018-02-04/example/rootdir/.bogus.txt.swp"
    lstat returned -1
    ERROR lstat: No such file or directory
    si:
    st_dev = 0
    st_ino = 0
    st_mode = 00
    st_nlink = 0
    st_uid = 0
    st_gid = 0
    st_rdev = 0
    st_size = 0
    st_blksize = 0
    st_blocks = 0
    st_atime = 0x00000000
    st_mtime = 0x00000000
    st_ctime = 0x00000000

bb_mknod(path="/.bogus.txt.swp", mode=0100664, dev=0)
    bb_fullpath:  rootdir = "/home/cpoulianou/fuse-tutorial-2018-02-04/example/rootdir", path = "/.bogus.txt.swp", fpath = "/home/cpoulianou/fuse-tutorial-2018-02-04/example/rootdir/.bogus.txt.swp"
    open returned 5
    close returned 0

bb_getattr(path="/.bogus.txt.swp", statbuf=0x5bd98c40)
    bb_fullpath:  rootdir = "/home/cpoulianou/fuse-tutorial-2018-02-04/example/rootdir", path = "/.bogus.txt.swp", fpath = "/home/cpoulianou/fuse-tutorial-2018-02-04/example/rootdir/.bogus.txt.swp"
    lstat returned 0
    si:
    st_dev = 64768
    st_ino = 279823
    st_mode = 0100664
    st_nlink = 1
    st_uid = 1000
    st_gid = 1000
    st_rdev = 0
    st_size = 0
    st_blksize = 4096
    st_blocks = 0
    st_atime = 0x60bd13ad
    st_mtime = 0x60bd13ad
    st_ctime = 0x60bd13ad

bb_open(path"/.bogus.txt.swp", fi=0x5c5bbcf0)
    bb_fullpath:  rootdir = "/home/cpoulianou/fuse-tutorial-2018-02-04/example/rootdir", path = "/.bogus.txt.swp", fpath = "/home/cpoulianou/fuse-tutorial-2018-02-04/example/rootdir/.bogus.txt.swp"
    open returned 5
    fi:
    flags = 0x00008401
    fh_old = 0x00000000
    writepage = 0
    direct_io = 0
    keep_cache = 0
    fh = 0x0000000000000005
    lock_owner = 0x0000000000000000

bb_getxattr(path = "/.bogus.txt.swp", name = "security.capability", value = 0x00000000, size = 0)
    bb_fullpath:  rootdir = "/home/cpoulianou/fuse-tutorial-2018-02-04/example/rootdir", path = "/.bogus.txt.swp", fpath = "/home/cpoulianou/fuse-tutorial-2018-02-04/example/rootdir/.bogus.txt.swp"
    lgetxattr returned -1
    ERROR lgetxattr: No data available

bb_write(path="/.bogus.txt.swp", buf=0x5c5bd060, size=1024, offset=0, fi=0x5c5bbd50)
    fi:
    flags = 0x00008401
    fh_old = 0x00000005
    writepage = 0
    direct_io = 0
    keep_cache = 0
    fh = 0x0000000000000005
    lock_owner = 0x0000000000000000
    pwrite returned 1024

bb_flush(path="/.bogus.txt.swp", fi=0x5bd98cf0)
    fi:
    flags = 0x00000000
    fh_old = 0x00000005
    writepage = 0
    direct_io = 0
    keep_cache = 0
    fh = 0x0000000000000005
    lock_owner = 0x32aa8e6522111add

bb_release(path="/.bogus.txt.swp", fi=0x5c5bbcf0)
    fi:
    flags = 0x00008401
    fh_old = 0x00000005
    writepage = 0
    direct_io = 0
    keep_cache = 0
    fh = 0x0000000000000005
    lock_owner = 0x0000000000000000
    close returned 0

bb_open(path"/bogus.txt", fi=0x5bd98cf0)
    bb_fullpath:  rootdir = "/home/cpoulianou/fuse-tutorial-2018-02-04/example/rootdir", path = "/bogus.txt", fpath = "/home/cpoulianou/fuse-tutorial-2018-02-04/example/rootdir/bogus.txt"
    open returned 5
    fi:
    flags = 0x00008000
    fh_old = 0x00000000
    writepage = 0
    direct_io = 0
    keep_cache = 0
    fh = 0x0000000000000005
    lock_owner = 0x0000000000000000

bb_read(path="/bogus.txt", buf=0x54002350, size=4096, offset=0, fi=0x5c5bbcf0)
    fi:
    flags = 0x00008000
    fh_old = 0x00000005
    writepage = 0
    direct_io = 0
    keep_cache = 0
    fh = 0x0000000000000005
    lock_owner = 0x0000000000000000
    pread returned 25

bb_flush(path="/bogus.txt", fi=0x5bd98cf0)
    fi:
    flags = 0x00000000
    fh_old = 0x00000005
    writepage = 0
    direct_io = 0
    keep_cache = 0
    fh = 0x0000000000000005
    lock_owner = 0x32aa8e6522111add

bb_release(path="/bogus.txt", fi=0x5c5bbcf0)
    fi:
    flags = 0x00008000
    fh_old = 0x00000005
    writepage = 0
    direct_io = 0
    keep_cache = 0
    fh = 0x0000000000000005
    lock_owner = 0x0000000000000000
    close returned 0

bb_access(path="/bogus.txt", mask=02)
    bb_fullpath:  rootdir = "/home/cpoulianou/fuse-tutorial-2018-02-04/example/rootdir", path = "/bogus.txt", fpath = "/home/cpoulianou/fuse-tutorial-2018-02-04/example/rootdir/bogus.txt"

bb_getattr(path="/bogus.txt", statbuf=0x5c5bbc10)
    bb_fullpath:  rootdir = "/home/cpoulianou/fuse-tutorial-2018-02-04/example/rootdir", path = "/bogus.txt", fpath = "/home/cpoulianou/fuse-tutorial-2018-02-04/example/rootdir/bogus.txt"
    lstat returned 0
    si:
    st_dev = 64768
    st_ino = 272836
    st_mode = 0100664
    st_nlink = 1
    st_uid = 1000
    st_gid = 1000
    st_rdev = 0
    st_size = 25
    st_blksize = 4096
    st_blocks = 8
    st_atime = 0x60bd13ad
    st_mtime = 0x60bd137b
    st_ctime = 0x60bd137b

bb_getattr(path="/.bogus.txt.swp", statbuf=0x5bd98c40)
    bb_fullpath:  rootdir = "/home/cpoulianou/fuse-tutorial-2018-02-04/example/rootdir", path = "/.bogus.txt.swp", fpath = "/home/cpoulianou/fuse-tutorial-2018-02-04/example/rootdir/.bogus.txt.swp"
    lstat returned 0
    si:
    st_dev = 64768
    st_ino = 279823
    st_mode = 0100664
    st_nlink = 1
    st_uid = 1000
    st_gid = 1000
    st_rdev = 0
    st_size = 1024
    st_blksize = 4096
    st_blocks = 8
    st_atime = 0x60bd13ad
    st_mtime = 0x60bd13ad
    st_ctime = 0x60bd13ad
bb_unlink(path="/.bogus.txt.swp")
    bb_fullpath:  rootdir = "/home/cpoulianou/fuse-tutorial-2018-02-04/example/rootdir", path = "/.bogus.txt.swp", fpath = "/home/cpoulianou/fuse-tutorial-2018-02-04/example/rootdir/.bogus.txt.swp"
    unlink returned 0

bb_getattr(path="/.bogus.txt.swp", statbuf=0x5c5bbc40)
    bb_fullpath:  rootdir = "/home/cpoulianou/fuse-tutorial-2018-02-04/example/rootdir", path = "/.bogus.txt.swp", fpath = "/home/cpoulianou/fuse-tutorial-2018-02-04/example/rootdir/.bogus.txt.swp"
    lstat returned -1
    ERROR lstat: No such file or directory
    si:
    st_dev = 0
    st_ino = 0
    st_mode = 00
    st_nlink = 0
    st_uid = 0
    st_gid = 0
    st_rdev = 0
    st_size = 0
    st_blksize = 0
    st_blocks = 0
    st_atime = 0x00000000
    st_mtime = 0x00000000
    st_ctime = 0x00000000

bb_mknod(path="/.bogus.txt.swp", mode=0100664, dev=0)
    bb_fullpath:  rootdir = "/home/cpoulianou/fuse-tutorial-2018-02-04/example/rootdir", path = "/.bogus.txt.swp", fpath = "/home/cpoulianou/fuse-tutorial-2018-02-04/example/rootdir/.bogus.txt.swp"
    open returned 5
    close returned 0

bb_getattr(path="/.bogus.txt.swp", statbuf=0x5bd98c40)
    bb_fullpath:  rootdir = "/home/cpoulianou/fuse-tutorial-2018-02-04/example/rootdir", path = "/.bogus.txt.swp", fpath = "/home/cpoulianou/fuse-tutorial-2018-02-04/example/rootdir/.bogus.txt.swp"
    lstat returned 0
    si:
    st_dev = 64768
    st_ino = 279823
    st_mode = 0100664
    st_nlink = 1
    st_uid = 1000
    st_gid = 1000
    st_rdev = 0
    st_size = 0
    st_blksize = 4096
    st_blocks = 0
    st_atime = 0x60bd13b0
    st_mtime = 0x60bd13b0
    st_ctime = 0x60bd13b0

bb_open(path"/.bogus.txt.swp", fi=0x5c5bbcf0)
    bb_fullpath:  rootdir = "/home/cpoulianou/fuse-tutorial-2018-02-04/example/rootdir", path = "/.bogus.txt.swp", fpath = "/home/cpoulianou/fuse-tutorial-2018-02-04/example/rootdir/.bogus.txt.swp"
    open returned 5
    fi:
    flags = 0x00008401
    fh_old = 0x00000000
    writepage = 0
    direct_io = 0
    keep_cache = 0
    fh = 0x0000000000000005
    lock_owner = 0x0000000000000000

bb_getxattr(path = "/.bogus.txt.swp", name = "security.capability", value = 0x00000000, size = 0)
    bb_fullpath:  rootdir = "/home/cpoulianou/fuse-tutorial-2018-02-04/example/rootdir", path = "/.bogus.txt.swp", fpath = "/home/cpoulianou/fuse-tutorial-2018-02-04/example/rootdir/.bogus.txt.swp"
    lgetxattr returned -1
    ERROR lgetxattr: No data available

bb_write(path="/.bogus.txt.swp", buf=0x5c5bd060, size=1024, offset=0, fi=0x5c5bbd50)
    fi:
    flags = 0x00008401
    fh_old = 0x00000005
    writepage = 0
    direct_io = 0
    keep_cache = 0
    fh = 0x0000000000000005
    lock_owner = 0x0000000000000000
    pwrite returned 1024

bb_flush(path="/.bogus.txt.swp", fi=0x5bd98cf0)
    fi:
    flags = 0x00000000
    fh_old = 0x00000005
    writepage = 0
    direct_io = 0
    keep_cache = 0
    fh = 0x0000000000000005
    lock_owner = 0x32aa8e6522111add

bb_release(path="/.bogus.txt.swp", fi=0x5c5bbcf0)
    fi:
    flags = 0x00008401
    fh_old = 0x00000005
    writepage = 0
    direct_io = 0
    keep_cache = 0
    fh = 0x0000000000000005
    lock_owner = 0x0000000000000000
    close returned 0

bb_getattr(path="/bogus.txt", statbuf=0x5bd98c40)
    bb_fullpath:  rootdir = "/home/cpoulianou/fuse-tutorial-2018-02-04/example/rootdir", path = "/bogus.txt", fpath = "/home/cpoulianou/fuse-tutorial-2018-02-04/example/rootdir/bogus.txt"
    lstat returned 0
    si:
    st_dev = 64768
    st_ino = 272836
    st_mode = 0100664
    st_nlink = 1
    st_uid = 1000
    st_gid = 1000
    st_rdev = 0
    st_size = 25
    st_blksize = 4096
    st_blocks = 8
    st_atime = 0x60bd13ad
    st_mtime = 0x60bd137b
    st_ctime = 0x60bd137b

bb_open(path"/bogus.txt", fi=0x5c5bbcf0)
    bb_fullpath:  rootdir = "/home/cpoulianou/fuse-tutorial-2018-02-04/example/rootdir", path = "/bogus.txt", fpath = "/home/cpoulianou/fuse-tutorial-2018-02-04/example/rootdir/bogus.txt"
    open returned 5
    fi:
    flags = 0x00008001
    fh_old = 0x00000000
    writepage = 0
    direct_io = 0
    keep_cache = 0
    fh = 0x0000000000000005
    lock_owner = 0x0000000000000000

bb_getxattr(path = "/bogus.txt", name = "security.capability", value = 0x00000000, size = 0)
    bb_fullpath:  rootdir = "/home/cpoulianou/fuse-tutorial-2018-02-04/example/rootdir", path = "/bogus.txt", fpath = "/home/cpoulianou/fuse-tutorial-2018-02-04/example/rootdir/bogus.txt"
    lgetxattr returned -1
    ERROR lgetxattr: No data available

bb_truncate(path="/bogus.txt", newsize=0)
    bb_fullpath:  rootdir = "/home/cpoulianou/fuse-tutorial-2018-02-04/example/rootdir", path = "/bogus.txt", fpath = "/home/cpoulianou/fuse-tutorial-2018-02-04/example/rootdir/bogus.txt"
    truncate returned 0

bb_getattr(path="/bogus.txt", statbuf=0x5c5bbb70)
    bb_fullpath:  rootdir = "/home/cpoulianou/fuse-tutorial-2018-02-04/example/rootdir", path = "/bogus.txt", fpath = "/home/cpoulianou/fuse-tutorial-2018-02-04/example/rootdir/bogus.txt"
    lstat returned 0
    si:
    st_dev = 64768
    st_ino = 272836
    st_mode = 0100664
    st_nlink = 1
    st_uid = 1000
    st_gid = 1000
    st_rdev = 0
    st_size = 0
    st_blksize = 4096
    st_blocks = 0
    st_atime = 0x60bd13ad
    st_mtime = 0x60bd13b3
    st_ctime = 0x60bd13b3

bb_getxattr(path = "/bogus.txt", name = "security.capability", value = 0x00000000, size = 0)
    bb_fullpath:  rootdir = "/home/cpoulianou/fuse-tutorial-2018-02-04/example/rootdir", path = "/bogus.txt", fpath = "/home/cpoulianou/fuse-tutorial-2018-02-04/example/rootdir/bogus.txt"
    lgetxattr returned -1
    ERROR lgetxattr: No data available

bb_write(path="/bogus.txt", buf=0x5c5bd060, size=66, offset=0, fi=0x5c5bbd50)
    fi:
    flags = 0x00008001
    fh_old = 0x00000005
    writepage = 0
    direct_io = 0
    keep_cache = 0
    fh = 0x0000000000000005
    lock_owner = 0x0000000000000000
    pwrite returned 66

bb_flush(path="/bogus.txt", fi=0x5bd98cf0)
    fi:
    flags = 0x00000000
    fh_old = 0x00000005
    writepage = 0
    direct_io = 0
    keep_cache = 0
    fh = 0x0000000000000005
    lock_owner = 0x32aa8e6522111add

bb_release(path="/bogus.txt", fi=0x5bd98cf0)
    fi:
    flags = 0x00008001
    fh_old = 0x00000005
    writepage = 0
    direct_io = 0
    keep_cache = 0
    fh = 0x0000000000000005
    lock_owner = 0x0000000000000000

bb_getattr(path="/bogus.txt", statbuf=0x5c5bbc10)
    bb_fullpath:  rootdir = "/home/cpoulianou/fuse-tutorial-2018-02-04/example/rootdir", path = "/bogus.txt", fpath = "/home/cpoulianou/fuse-tutorial-2018-02-04/example/rootdir/bogus.txt"
    lstat returned 0
    si:
    st_dev = 64768
    st_ino = 272836
    st_mode = 0100664
    st_nlink = 1
    st_uid = 1000
    st_gid = 1000
    st_rdev = 0
    st_size = 66
    st_blksize = 4096
    st_blocks = 8
    close returned 0
    st_atime = 0x60bd13ad
    st_mtime = 0x60bd13b3
    st_ctime = 0x60bd13b3

bb_getattr(path="/.bogus.txt.swp", statbuf=0x5b575c40)
    bb_fullpath:  rootdir = "/home/cpoulianou/fuse-tutorial-2018-02-04/example/rootdir", path = "/.bogus.txt.swp", fpath = "/home/cpoulianou/fuse-tutorial-2018-02-04/example/rootdir/.bogus.txt.swp"
    lstat returned 0
    si:
    st_dev = 64768
    st_ino = 279823
    st_mode = 0100664
    st_nlink = 1
    st_uid = 1000
    st_gid = 1000
    st_rdev = 0
    st_size = 1024
    st_blksize = 4096
    st_blocks = 8
    st_atime = 0x60bd13b0
    st_mtime = 0x60bd13b0
    st_ctime = 0x60bd13b0
bb_unlink(path="/.bogus.txt.swp")
    bb_fullpath:  rootdir = "/home/cpoulianou/fuse-tutorial-2018-02-04/example/rootdir", path = "/.bogus.txt.swp", fpath = "/home/cpoulianou/fuse-tutorial-2018-02-04/example/rootdir/.bogus.txt.swp"
    unlink returned 0

bb_access(path="/", mask=01)
    bb_fullpath:  rootdir = "/home/cpoulianou/fuse-tutorial-2018-02-04/example/rootdir", path = "/", fpath = "/home/cpoulianou/fuse-tutorial-2018-02-04/example/rootdir/"

bb_access(path="/", mask=01)
    bb_fullpath:  rootdir = "/home/cpoulianou/fuse-tutorial-2018-02-04/example/rootdir", path = "/", fpath = "/home/cpoulianou/fuse-tutorial-2018-02-04/example/rootdir/"

bb_destroy(userdata=0x8aa9b2a0)
